Log file open, 06/01/24 21:17:45
LogWindows: Failed to load 'aqProf.dll' (GetLastError=126)
LogWindows: File 'aqProf.dll' does not exist
LogWindows: Failed to load 'VtuneApi.dll' (GetLastError=126)
LogWindows: File 'VtuneApi.dll' does not exist
LogWindows: Failed to load 'VtuneApi32e.dll' (GetLastError=126)
LogWindows: File 'VtuneApi32e.dll' does not exist
LogConsoleResponse: Display: Failed to find resolution value strings in scalability ini. Falling back to default.
LogConsoleResponse: Display: Failed to find resolution value strings in scalability ini. Falling back to default.
LogInit: Display: Running engine for game: game_project
LogPlatformFile: Not using cached read wrapper
LogTaskGraph: Started task graph with 5 named threads and 23 total threads with 3 sets of task threads.
LogStats: Stats thread started at 0.385304
LogICUInternationalization: ICU TimeZone Detection - Raw Offset: -8:00, Platform Override: ''
LogInit: Display: Loading text-based GConfig....
LogPluginManager: Mounting plugin MeshPainting
LogPluginManager: Mounting plugin XGEController
LogPluginManager: Mounting plugin AISupport
LogPluginManager: Mounting plugin Paper2D
LogPluginManager: Mounting plugin EnvironmentQueryEditor
LogPluginManager: Mounting plugin LiveLink
LogPluginManager: Mounting plugin LightPropagationVolume
LogPluginManager: Mounting plugin CameraShakePreviewer
LogPluginManager: Mounting plugin GameplayCameras
LogPluginManager: Mounting plugin AnimationSharing
LogPluginManager: Mounting plugin CLionSourceCodeAccess
LogPluginManager: Mounting plugin GitSourceControl
LogPluginManager: Mounting plugin KDevelopSourceCodeAccess
LogPluginManager: Mounting plugin CodeLiteSourceCodeAccess
LogPluginManager: Mounting plugin NullSourceCodeAccess
LogPluginManager: Mounting plugin PerforceSourceControl
LogPluginManager: Mounting plugin PlasticSourceControl
LogPluginManager: Mounting plugin PluginUtils
LogPluginManager: Mounting plugin PropertyAccessNode
LogPluginManager: Mounting plugin RiderSourceCodeAccess
LogPluginManager: Mounting plugin TextureFormatOodle
LogPluginManager: Mounting plugin SubversionSourceControl
LogPluginManager: Mounting plugin UObjectPlugin
LogPluginManager: Mounting plugin AssetManagerEditor
LogPluginManager: Mounting plugin PixWinPlugin
LogPluginManager: Mounting plugin CryptoKeys
LogPluginManager: Mounting plugin CurveEditorTools
LogPluginManager: Mounting plugin DataValidation
LogPluginManager: Mounting plugin FacialAnimation
LogPluginManager: Mounting plugin VisualStudioCodeSourceCodeAccess
LogPluginManager: Mounting plugin GameplayTagsEditor
LogPluginManager: Mounting plugin GeometryMode
LogPluginManager: Mounting plugin MacGraphicsSwitching
LogPluginManager: Mounting plugin MaterialAnalyzer
LogPluginManager: Mounting plugin MobileLauncherProfileWizard
LogPluginManager: Mounting plugin PluginBrowser
LogPluginManager: Mounting plugin SpeedTreeImporter
LogPluginManager: Mounting plugin VisualStudioSourceCodeAccess
LogPluginManager: Mounting plugin XCodeSourceCodeAccess
LogPluginManager: Mounting plugin Niagara
LogPluginManager: Mounting plugin AlembicImporter
LogPluginManager: Mounting plugin AutomationUtils
LogPluginManager: Mounting plugin BackChannel
LogPluginManager: Mounting plugin DatasmithContent
LogPluginManager: Mounting plugin ChaosCloth
LogPluginManager: Mounting plugin ChaosClothEditor
LogPluginManager: Mounting plugin ChaosEditor
LogPluginManager: Mounting plugin ChaosNiagara
LogPluginManager: Mounting plugin ChaosSolverPlugin
LogPluginManager: Mounting plugin CharacterAI
LogPluginManager: Mounting plugin VariantManagerContent
LogPluginManager: Mounting plugin GeometryCache
LogPluginManager: Mounting plugin GeometryCollectionPlugin
LogPluginManager: Mounting plugin GeometryProcessing
LogPluginManager: Mounting plugin MotoSynth
LogPluginManager: Mounting plugin OpenImageDenoise
LogPluginManager: Mounting plugin PlatformCrypto
LogPluginManager: Mounting plugin PlanarCut
LogPluginManager: Mounting plugin ProxyLODPlugin
LogPluginManager: Mounting plugin PythonScriptPlugin
LogPluginManager: Mounting plugin SkeletalReduction
LogPluginManager: Mounting plugin LuminPlatformFeatures
LogPluginManager: Mounting plugin MagicLeap
LogPluginManager: Mounting plugin MagicLeapLightEstimation
LogPluginManager: Mounting plugin MagicLeapMedia
LogPluginManager: Mounting plugin MagicLeapPassableWorld
LogPluginManager: Mounting plugin MLSDK
LogPluginManager: Mounting plugin AndroidMedia
LogPluginManager: Mounting plugin AvfMedia
LogPluginManager: Mounting plugin ImgMedia
LogPluginManager: Mounting plugin MediaCompositing
LogPluginManager: Mounting plugin MediaPlayerEditor
LogPluginManager: Mounting plugin ActorSequence
LogPluginManager: Mounting plugin WebMMedia
LogPluginManager: Mounting plugin WmfMedia
LogPluginManager: Mounting plugin LevelSequenceEditor
LogPluginManager: Mounting plugin MatineeToLevelSequence
LogPluginManager: Mounting plugin TemplateSequence
LogPluginManager: Mounting plugin TcpMessaging
LogPluginManager: Mounting plugin UdpMessaging
LogPluginManager: Mounting plugin OnlineSubsystem
LogPluginManager: Mounting plugin OnlineSubsystemNull
LogPluginManager: Mounting plugin OnlineSubsystemUtils
LogPluginManager: Mounting plugin LauncherChunkInstaller
LogPluginManager: Mounting plugin ActorLayerUtilities
LogPluginManager: Mounting plugin AndroidDeviceProfileSelector
LogPluginManager: Mounting plugin AndroidMoviePlayer
LogPluginManager: Mounting plugin AndroidPermission
LogPluginManager: Mounting plugin AppleImageUtils
LogPluginManager: Mounting plugin AppleMoviePlayer
LogPluginManager: Mounting plugin ArchVisCharacter
LogPluginManager: Mounting plugin AssetTags
LogPluginManager: Mounting plugin AudioCapture
LogPluginManager: Mounting plugin AudioSynesthesia
LogPluginManager: Mounting plugin CableComponent
LogPluginManager: Mounting plugin ChunkDownloader
LogPluginManager: Mounting plugin CustomMeshComponent
LogPluginManager: Mounting plugin EditableMesh
LogPluginManager: Mounting plugin ExampleDeviceProfileSelector
LogPluginManager: Mounting plugin GoogleCloudMessaging
LogPluginManager: Mounting plugin GooglePAD
LogPluginManager: Mounting plugin ScreenshotTools
LogPluginManager: Mounting plugin IOSDeviceProfileSelector
LogPluginManager: Mounting plugin LinuxDeviceProfileSelector
LogPluginManager: Mounting plugin LocationServicesBPLibrary
LogPluginManager: Mounting plugin MobilePatchingUtils
LogPluginManager: Mounting plugin OpenXR
LogPluginManager: Mounting plugin OpenXREyeTracker
LogPluginManager: Mounting plugin OpenXRHandTracking
LogPluginManager: Mounting plugin Takes
LogPluginManager: Mounting plugin PhysXVehicles
LogPluginManager: Mounting plugin PostSplashScreen
LogPluginManager: Mounting plugin ProceduralMeshComponent
LogPluginManager: Mounting plugin PropertyAccessEditor
LogPluginManager: Mounting plugin RuntimePhysXCooking
LogPluginManager: Mounting plugin SignificanceManager
LogPluginManager: Mounting plugin SoundFields
LogPluginManager: Mounting plugin Synthesis
LogPluginManager: Mounting plugin WebMMoviePlayer
LogPluginManager: Mounting plugin WindowsMoviePlayer
LogPluginManager: Mounting plugin OodleData
LogPluginManager: Mounting plugin OodleNetwork
LogPluginManager: Mounting plugin ContentBrowserAssetDataSource
LogPluginManager: Mounting plugin ContentBrowserClassDataSource
LogPluginManager: Mounting plugin ContentBrowserFileDataSource
LogPluginManager: Mounting plugin OnlineSubsystemGooglePlay
LogPluginManager: Mounting plugin OnlineSubsystemIOS
LogPluginManager: Mounting plugin OculusVR
LogPluginManager: Mounting plugin SteamVR
PixWinPlugin: PIX capture plugin failed to initialize! Check that the process is launched from PIX.
LogInit: Using libcurl 7.55.1-DEV
LogInit:  - built for x86_64-pc-win32
LogInit:  - supports SSL with OpenSSL/1.1.1
LogInit:  - supports HTTP deflate (compression) using libz 1.2.8
LogInit:  - other features:
LogInit:      CURL_VERSION_SSL
LogInit:      CURL_VERSION_LIBZ
LogInit:      CURL_VERSION_IPV6
LogInit:      CURL_VERSION_ASYNCHDNS
LogInit:      CURL_VERSION_LARGEFILE
LogInit:      CURL_VERSION_IDN
LogInit:  CurlRequestOptions (configurable via config and command line):
LogInit:  - bVerifyPeer = true  - Libcurl will verify peer certificate
LogInit:  - bUseHttpProxy = false  - Libcurl will NOT use HTTP proxy
LogInit:  - bDontReuseConnections = false  - Libcurl will reuse connections
LogInit:  - MaxHostConnections = 16  - Libcurl will limit the number of connections to a host
LogInit:  - LocalHostAddr = Default
LogInit:  - BufferSize = 65536
LogOnline: OSS: Creating online subsystem instance for: NULL
LogInit: WinSock: version 1.1 (2.2), MaxSocks=32767, MaxUdp=65467
LogOnline: OSS: TryLoadSubsystemAndSetDefault: Loaded subsystem for module [NULL]
LogOculusPluginWrapper: OculusPlugin initialized successfully
LogHMD: Failed initializing OVRPlugin 1.59.0
LogInit: Build: ++UE4+Release-4.27-CL-18319896
LogInit: Engine Version: 4.27.2-18319896+++UE4+Release-4.27
LogInit: Compatible Engine Version: 4.27.0-17155196+++UE4+Release-4.27
LogInit: Net CL: 17155196
LogInit: OS: Windows 10 (Release 2009) (), CPU: Intel(R) Core(TM) i7-8550U CPU @ 1.80GHz, GPU: Intel(R) UHD Graphics 620
LogInit: Compiled (64-bit): Nov 30 2021 07:12:08
LogInit: Compiled with Visual C++: 19.24.28315.00
LogInit: Build Configuration: Development
LogInit: Branch Name: ++UE4+Release-4.27
LogInit: Command Line: 
LogInit: Base Directory: C:/Program Files/Epic Games/UE_4.27/Engine/Binaries/Win64/
LogInit: Allocator: TBB
LogInit: Installed Engine Build: 1
LogDevObjectVersion: Number of dev versions registered: 29
LogDevObjectVersion:   Dev-Blueprints (B0D832E4-1F89-4F0D-ACCF-7EB736FD4AA2): 10
LogDevObjectVersion:   Dev-Build (E1C64328-A22C-4D53-A36C-8E866417BD8C): 0
LogDevObjectVersion:   Dev-Core (375EC13C-06E4-48FB-B500-84F0262A717E): 4
LogDevObjectVersion:   Dev-Editor (E4B068ED-F494-42E9-A231-DA0B2E46BB41): 40
LogDevObjectVersion:   Dev-Framework (CFFC743F-43B0-4480-9391-14DF171D2073): 37
LogDevObjectVersion:   Dev-Mobile (B02B49B5-BB20-44E9-A304-32B752E40360): 3
LogDevObjectVersion:   Dev-Networking (A4E4105C-59A1-49B5-A7C5-40C4547EDFEE): 0
LogDevObjectVersion:   Dev-Online (39C831C9-5AE6-47DC-9A44-9C173E1C8E7C): 0
LogDevObjectVersion:   Dev-Physics (78F01B33-EBEA-4F98-B9B4-84EACCB95AA2): 14
LogDevObjectVersion:   Dev-Platform (6631380F-2D4D-43E0-8009-CF276956A95A): 0
LogDevObjectVersion:   Dev-Rendering (12F88B9F-8875-4AFC-A67C-D90C383ABD29): 45
LogDevObjectVersion:   Dev-Sequencer (7B5AE74C-D270-4C10-A958-57980B212A5A): 13
LogDevObjectVersion:   Dev-VR (D7296918-1DD6-4BDD-9DE2-64A83CC13884): 3
LogDevObjectVersion:   Dev-LoadTimes (C2A15278-BFE7-4AFE-6C17-90FF531DF755): 1
LogDevObjectVersion:   Private-Geometry (6EACA3D4-40EC-4CC1-B786-8BED09428FC5): 3
LogDevObjectVersion:   Dev-AnimPhys (29E575DD-E0A3-4627-9D10-D276232CDCEA): 17
LogDevObjectVersion:   Dev-Anim (AF43A65D-7FD3-4947-9873-3E8ED9C1BB05): 15
LogDevObjectVersion:   Dev-ReflectionCapture (6B266CEC-1EC7-4B8F-A30B-E4D90942FC07): 1
LogDevObjectVersion:   Dev-Automation (0DF73D61-A23F-47EA-B727-89E90C41499A): 1
LogDevObjectVersion:   FortniteMain (601D1886-AC64-4F84-AA16-D3DE0DEAC7D6): 47
LogDevObjectVersion:   FortniteRelease (E7086368-6B23-4C58-8439-1B7016265E91): 1
LogDevObjectVersion:   Dev-Enterprise (9DFFBCD6-494F-0158-E221-12823C92A888): 10
LogDevObjectVersion:   Dev-Niagara (F2AED0AC-9AFE-416F-8664-AA7FFA26D6FC): 1
LogDevObjectVersion:   Dev-Destruction (174F1F0B-B4C6-45A5-B13F-2EE8D0FB917D): 10
LogDevObjectVersion:   Dev-Physics-Ext (35F94A83-E258-406C-A318-09F59610247C): 41
LogDevObjectVersion:   Dev-PhysicsMaterial-Chaos (B68FC16E-8B1B-42E2-B453-215C058844FE): 1
LogDevObjectVersion:   Dev-CineCamera (B2E18506-4273-CFC2-A54E-F4BB758BBA07): 1
LogDevObjectVersion:   Dev-VirtualProduction (64F58936-FD1B-42BA-BA96-7289D5D0FA4E): 1
LogDevObjectVersion:   Dev-MediaFramework (6F0ED827-A609-4895-9C91-998D90180EA4): 2
LogInit: Presizing for max 25165824 objects, including 0 objects not considered by GC, pre-allocating 0 bytes for permanent pool.
LogConfig: Applying CVar settings from Section [/Script/Engine.StreamingSettings] File [G:/UE/PROJECT/Game-Landscape/game_project/Saved/Config/Windows/Engine.ini]
LogConfig: Setting CVar [[s.MinBulkDataSizeForAsyncLoading:131072]]
LogConfig: Setting CVar [[s.AsyncLoadingThreadEnabled:0]]
LogConfig: Setting CVar [[s.EventDrivenLoaderEnabled:1]]
LogConfig: Setting CVar [[s.WarnIfTimeLimitExceeded:0]]
LogConfig: Setting CVar [[s.TimeLimitExceededMultiplier:1.5]]
LogConfig: Setting CVar [[s.TimeLimitExceededMinTime:0.005]]
LogConfig: Setting CVar [[s.UseBackgroundLevelStreaming:1]]
LogConfig: Setting CVar [[s.PriorityAsyncLoadingExtraTime:15.0]]
LogConfig: Setting CVar [[s.LevelStreamingActorsUpdateTimeLimit:5.0]]
LogConfig: Setting CVar [[s.PriorityLevelStreamingActorsUpdateExtraTime:5.0]]
LogConfig: Setting CVar [[s.LevelStreamingComponentsRegistrationGranularity:10]]
LogConfig: Setting CVar [[s.UnregisterComponentsTimeLimit:1.0]]
LogConfig: Setting CVar [[s.LevelStreamingComponentsUnregistrationGranularity:5]]
LogConfig: Setting CVar [[s.FlushStreamingOnExit:1]]
LogInit: Object subsystem initialized
LogConfig: Setting CVar [[con.DebugEarlyDefault:1]]
LogConfig: Setting CVar [[r.setres:1280x720]]
[2024.06.02-04.17.46:594][  0]LogConfig: Setting CVar [[r.VSync:0]]
[2024.06.02-04.17.46:594][  0]LogConfig: Setting CVar [[r.RHICmdBypass:0]]
[2024.06.02-04.17.46:594][  0]LogConfig: Applying CVar settings from Section [/Script/Engine.RendererSettings] File [G:/UE/PROJECT/Game-Landscape/game_project/Saved/Config/Windows/Engine.ini]
[2024.06.02-04.17.46:594][  0]LogConfig: Setting CVar [[r.GPUCrashDebugging:0]]
[2024.06.02-04.17.46:594][  0]LogConfig: Applying CVar settings from Section [/Script/Engine.RendererOverrideSettings] File [G:/UE/PROJECT/Game-Landscape/game_project/Saved/Config/Windows/Engine.ini]
[2024.06.02-04.17.46:594][  0]LogConfig: Applying CVar settings from Section [/Script/Engine.StreamingSettings] File [G:/UE/PROJECT/Game-Landscape/game_project/Saved/Config/Windows/Engine.ini]
[2024.06.02-04.17.46:594][  0]LogConfig: Setting CVar [[s.MinBulkDataSizeForAsyncLoading:131072]]
[2024.06.02-04.17.46:594][  0]LogConfig: Setting CVar [[s.AsyncLoadingThreadEnabled:0]]
[2024.06.02-04.17.46:594][  0]LogConfig: Setting CVar [[s.EventDrivenLoaderEnabled:1]]
[2024.06.02-04.17.46:594][  0]LogConfig: Setting CVar [[s.WarnIfTimeLimitExceeded:0]]
[2024.06.02-04.17.46:594][  0]LogConfig: Setting CVar [[s.TimeLimitExceededMultiplier:1.5]]
[2024.06.02-04.17.46:594][  0]LogConfig: Setting CVar [[s.TimeLimitExceededMinTime:0.005]]
[2024.06.02-04.17.46:594][  0]LogConfig: Setting CVar [[s.UseBackgroundLevelStreaming:1]]
[2024.06.02-04.17.46:594][  0]LogConfig: Setting CVar [[s.PriorityAsyncLoadingExtraTime:15.0]]
[2024.06.02-04.17.46:594][  0]LogConfig: Setting CVar [[s.LevelStreamingActorsUpdateTimeLimit:5.0]]
[2024.06.02-04.17.46:594][  0]LogConfig: Setting CVar [[s.PriorityLevelStreamingActorsUpdateExtraTime:5.0]]
[2024.06.02-04.17.46:594][  0]LogConfig: Setting CVar [[s.LevelStreamingComponentsRegistrationGranularity:10]]
[2024.06.02-04.17.46:594][  0]LogConfig: Setting CVar [[s.UnregisterComponentsTimeLimit:1.0]]
[2024.06.02-04.17.46:594][  0]LogConfig: Setting CVar [[s.LevelStreamingComponentsUnregistrationGranularity:5]]
[2024.06.02-04.17.46:594][  0]LogConfig: Setting CVar [[s.FlushStreamingOnExit:1]]
[2024.06.02-04.17.46:594][  0]LogConfig: Applying CVar settings from Section [/Script/Engine.GarbageCollectionSettings] File [G:/UE/PROJECT/Game-Landscape/game_project/Saved/Config/Windows/Engine.ini]
[2024.06.02-04.17.46:594][  0]LogConfig: Setting CVar [[gc.MaxObjectsNotConsideredByGC:1]]
[2024.06.02-04.17.46:594][  0]LogConfig: Setting CVar [[gc.SizeOfPermanentObjectPool:0]]
[2024.06.02-04.17.46:594][  0]LogConfig: Setting CVar [[gc.FlushStreamingOnGC:0]]
[2024.06.02-04.17.46:594][  0]LogConfig: Setting CVar [[gc.NumRetriesBeforeForcingGC:10]]
[2024.06.02-04.17.46:595][  0]LogConfig: Setting CVar [[gc.AllowParallelGC:1]]
[2024.06.02-04.17.46:595][  0]LogConfig: Setting CVar [[gc.TimeBetweenPurgingPendingKillObjects:61.1]]
[2024.06.02-04.17.46:595][  0]LogConfig: Setting CVar [[gc.MaxObjectsInEditor:25165824]]
[2024.06.02-04.17.46:595][  0]LogConfig: Setting CVar [[gc.IncrementalBeginDestroyEnabled:1]]
[2024.06.02-04.17.46:595][  0]LogConfig: Setting CVar [[gc.CreateGCClusters:1]]
[2024.06.02-04.17.46:595][  0]LogConfig: Setting CVar [[gc.MinGCClusterSize:5]]
[2024.06.02-04.17.46:595][  0]LogConfig: Setting CVar [[gc.ActorClusteringEnabled:0]]
[2024.06.02-04.17.46:595][  0]LogConfig: Setting CVar [[gc.BlueprintClusteringEnabled:0]]
[2024.06.02-04.17.46:595][  0]LogConfig: Setting CVar [[gc.UseDisregardForGCOnDedicatedServers:0]]
[2024.06.02-04.17.46:595][  0]LogConfig: Setting CVar [[gc.MultithreadedDestructionEnabled:1]]
[2024.06.02-04.17.46:595][  0]LogConfig: Applying CVar settings from Section [/Script/Engine.NetworkSettings] File [G:/UE/PROJECT/Game-Landscape/game_project/Saved/Config/Windows/Engine.ini]
[2024.06.02-04.17.46:595][  0]LogConfig: Applying CVar settings from Section [/Script/UnrealEd.CookerSettings] File [G:/UE/PROJECT/Game-Landscape/game_project/Saved/Config/Windows/Engine.ini]
[2024.06.02-04.17.46:606][  0]LogConfig: Applying CVar settings from Section [ViewDistanceQuality@3] File [G:/UE/PROJECT/Game-Landscape/game_project/Saved/Config/Windows/Scalability.ini]
[2024.06.02-04.17.46:606][  0]LogConfig: Setting CVar [[r.SkeletalMeshLODBias:0]]
[2024.06.02-04.17.46:606][  0]LogConfig: Setting CVar [[r.ViewDistanceScale:1.0]]
[2024.06.02-04.17.46:606][  0]LogConfig: Applying CVar settings from Section [AntiAliasingQuality@3] File [G:/UE/PROJECT/Game-Landscape/game_project/Saved/Config/Windows/Scalability.ini]
[2024.06.02-04.17.46:607][  0]LogConfig: Setting CVar [[r.PostProcessAAQuality:4]]
[2024.06.02-04.17.46:607][  0]LogConfig: Applying CVar settings from Section [ShadowQuality@3] File [G:/UE/PROJECT/Game-Landscape/game_project/Saved/Config/Windows/Scalability.ini]
[2024.06.02-04.17.46:607][  0]LogConfig: Setting CVar [[r.LightFunctionQuality:1]]
[2024.06.02-04.17.46:607][  0]LogConfig: Setting CVar [[r.ShadowQuality:5]]
[2024.06.02-04.17.46:607][  0]LogConfig: Setting CVar [[r.Shadow.CSM.MaxCascades:10]]
[2024.06.02-04.17.46:607][  0]LogConfig: Setting CVar [[r.Shadow.MaxResolution:2048]]
[2024.06.02-04.17.46:607][  0]LogConfig: Setting CVar [[r.Shadow.MaxCSMResolution:2048]]
[2024.06.02-04.17.46:607][  0]LogConfig: Setting CVar [[r.Shadow.RadiusThreshold:0.01]]
[2024.06.02-04.17.46:607][  0]LogConfig: Setting CVar [[r.Shadow.DistanceScale:1.0]]
[2024.06.02-04.17.46:607][  0]LogConfig: Setting CVar [[r.Shadow.CSM.TransitionScale:1.0]]
[2024.06.02-04.17.46:607][  0]LogConfig: Setting CVar [[r.Shadow.PreShadowResolutionFactor:1.0]]
[2024.06.02-04.17.46:607][  0]LogConfig: Setting CVar [[r.DistanceFieldShadowing:1]]
[2024.06.02-04.17.46:607][  0]LogConfig: Setting CVar [[r.DistanceFieldAO:1]]
[2024.06.02-04.17.46:607][  0]LogConfig: Setting CVar [[r.AOQuality:2]]
[2024.06.02-04.17.46:607][  0]LogConfig: Setting CVar [[r.VolumetricFog:1]]
[2024.06.02-04.17.46:607][  0]LogConfig: Setting CVar [[r.VolumetricFog.GridPixelSize:8]]
[2024.06.02-04.17.46:607][  0]LogConfig: Setting CVar [[r.VolumetricFog.GridSizeZ:128]]
[2024.06.02-04.17.46:607][  0]LogConfig: Setting CVar [[r.VolumetricFog.HistoryMissSupersampleCount:4]]
[2024.06.02-04.17.46:607][  0]LogConfig: Setting CVar [[r.LightMaxDrawDistanceScale:1]]
[2024.06.02-04.17.46:607][  0]LogConfig: Setting CVar [[r.CapsuleShadows:1]]
[2024.06.02-04.17.46:607][  0]LogConfig: Applying CVar settings from Section [PostProcessQuality@3] File [G:/UE/PROJECT/Game-Landscape/game_project/Saved/Config/Windows/Scalability.ini]
[2024.06.02-04.17.46:607][  0]LogConfig: Setting CVar [[r.MotionBlurQuality:4]]
[2024.06.02-04.17.46:607][  0]LogConfig: Setting CVar [[r.AmbientOcclusionMipLevelFactor:0.4]]
[2024.06.02-04.17.46:607][  0]LogConfig: Setting CVar [[r.AmbientOcclusionMaxQuality:100]]
[2024.06.02-04.17.46:607][  0]LogConfig: Setting CVar [[r.AmbientOcclusionLevels:-1]]
[2024.06.02-04.17.46:607][  0]LogConfig: Setting CVar [[r.AmbientOcclusionRadiusScale:1.0]]
[2024.06.02-04.17.46:607][  0]LogConfig: Setting CVar [[r.DepthOfFieldQuality:2]]
[2024.06.02-04.17.46:607][  0]LogConfig: Setting CVar [[r.RenderTargetPoolMin:400]]
[2024.06.02-04.17.46:607][  0]LogConfig: Setting CVar [[r.LensFlareQuality:2]]
[2024.06.02-04.17.46:607][  0]LogConfig: Setting CVar [[r.SceneColorFringeQuality:1]]
[2024.06.02-04.17.46:607][  0]LogConfig: Setting CVar [[r.EyeAdaptationQuality:2]]
[2024.06.02-04.17.46:607][  0]LogConfig: Setting CVar [[r.BloomQuality:5]]
[2024.06.02-04.17.46:607][  0]LogConfig: Setting CVar [[r.FastBlurThreshold:100]]
[2024.06.02-04.17.46:607][  0]LogConfig: Setting CVar [[r.Upscale.Quality:3]]
[2024.06.02-04.17.46:607][  0]LogConfig: Setting CVar [[r.Tonemapper.GrainQuantization:1]]
[2024.06.02-04.17.46:607][  0]LogConfig: Setting CVar [[r.LightShaftQuality:1]]
[2024.06.02-04.17.46:607][  0]LogConfig: Setting CVar [[r.Filter.SizeScale:1]]
[2024.06.02-04.17.46:607][  0]LogConfig: Setting CVar [[r.Tonemapper.Quality:5]]
[2024.06.02-04.17.46:608][  0]LogConfig: Setting CVar [[r.DOF.Gather.AccumulatorQuality:1        ; higher gathering accumulator quality]]
[2024.06.02-04.17.46:608][  0]LogConfig: Setting CVar [[r.DOF.Gather.PostfilterMethod:1          ; Median3x3 postfilering method]]
[2024.06.02-04.17.46:608][  0]LogConfig: Setting CVar [[r.DOF.Gather.EnableBokehSettings:0       ; no bokeh simulation when gathering]]
[2024.06.02-04.17.46:608][  0]LogConfig: Setting CVar [[r.DOF.Gather.RingCount:4                 ; medium number of samples when gathering]]
[2024.06.02-04.17.46:608][  0]LogConfig: Setting CVar [[r.DOF.Scatter.ForegroundCompositing:1    ; additive foreground scattering]]
[2024.06.02-04.17.46:608][  0]LogConfig: Setting CVar [[r.DOF.Scatter.BackgroundCompositing:2    ; additive background scattering]]
[2024.06.02-04.17.46:608][  0]LogConfig: Setting CVar [[r.DOF.Scatter.EnableBokehSettings:1      ; bokeh simulation when scattering]]
[2024.06.02-04.17.46:608][  0]LogConfig: Setting CVar [[r.DOF.Scatter.MaxSpriteRatio:0.1         ; only a maximum of 10% of scattered bokeh]]
[2024.06.02-04.17.46:608][  0]LogConfig: Setting CVar [[r.DOF.Recombine.Quality:1                ; cheap slight out of focus]]
[2024.06.02-04.17.46:608][  0]LogConfig: Setting CVar [[r.DOF.Recombine.EnableBokehSettings:0    ; no bokeh simulation on slight out of focus]]
[2024.06.02-04.17.46:608][  0]LogConfig: Setting CVar [[r.DOF.TemporalAAQuality:1                ; more stable temporal accumulation]]
[2024.06.02-04.17.46:608][  0]LogConfig: Setting CVar [[r.DOF.Kernel.MaxForegroundRadius:0.025]]
[2024.06.02-04.17.46:608][  0]LogConfig: Setting CVar [[r.DOF.Kernel.MaxBackgroundRadius:0.025]]
[2024.06.02-04.17.46:608][  0]LogConfig: Applying CVar settings from Section [TextureQuality@3] File [G:/UE/PROJECT/Game-Landscape/game_project/Saved/Config/Windows/Scalability.ini]
[2024.06.02-04.17.46:608][  0]LogConfig: Setting CVar [[r.Streaming.MipBias:0]]
[2024.06.02-04.17.46:608][  0]LogConfig: Setting CVar [[r.Streaming.AmortizeCPUToGPUCopy:0]]
[2024.06.02-04.17.46:608][  0]LogConfig: Setting CVar [[r.Streaming.MaxNumTexturesToStreamPerFrame:0]]
[2024.06.02-04.17.46:608][  0]LogConfig: Setting CVar [[r.Streaming.Boost:1]]
[2024.06.02-04.17.46:608][  0]LogConfig: Setting CVar [[r.MaxAnisotropy:8]]
[2024.06.02-04.17.46:608][  0]LogConfig: Setting CVar [[r.VT.MaxAnisotropy:8]]
[2024.06.02-04.17.46:608][  0]LogConfig: Setting CVar [[r.Streaming.LimitPoolSizeToVRAM:0]]
[2024.06.02-04.17.46:608][  0]LogConfig: Setting CVar [[r.Streaming.PoolSize:1000]]
[2024.06.02-04.17.46:608][  0]LogConfig: Setting CVar [[r.Streaming.MaxEffectiveScreenSize:0]]
[2024.06.02-04.17.46:608][  0]LogConfig: Applying CVar settings from Section [EffectsQuality@3] File [G:/UE/PROJECT/Game-Landscape/game_project/Saved/Config/Windows/Scalability.ini]
[2024.06.02-04.17.46:608][  0]LogConfig: Setting CVar [[r.TranslucencyLightingVolumeDim:64]]
[2024.06.02-04.17.46:608][  0]LogConfig: Setting CVar [[r.RefractionQuality:2]]
[2024.06.02-04.17.46:608][  0]LogConfig: Setting CVar [[r.SSR.Quality:3]]
[2024.06.02-04.17.46:608][  0]LogConfig: Setting CVar [[r.SSR.HalfResSceneColor:0]]
[2024.06.02-04.17.46:608][  0]LogConfig: Setting CVar [[r.SceneColorFormat:4]]
[2024.06.02-04.17.46:608][  0]LogConfig: Setting CVar [[r.DetailMode:2]]
[2024.06.02-04.17.46:608][  0]LogConfig: Setting CVar [[r.TranslucencyVolumeBlur:1]]
[2024.06.02-04.17.46:608][  0]LogConfig: Setting CVar [[r.MaterialQualityLevel:1 ; High quality]]
[2024.06.02-04.17.46:608][  0]LogConfig: Setting CVar [[r.AnisotropicMaterials:1]]
[2024.06.02-04.17.46:608][  0]LogConfig: Setting CVar [[r.SSS.Scale:1]]
[2024.06.02-04.17.46:608][  0]LogConfig: Setting CVar [[r.SSS.SampleSet:2]]
[2024.06.02-04.17.46:608][  0]LogConfig: Setting CVar [[r.SSS.Quality:1]]
[2024.06.02-04.17.46:608][  0]LogConfig: Setting CVar [[r.SSS.HalfRes:0]]
[2024.06.02-04.17.46:608][  0]LogConfig: Setting CVar [[r.SSGI.Quality:3]]
[2024.06.02-04.17.46:608][  0]LogConfig: Setting CVar [[r.EmitterSpawnRateScale:1.0]]
[2024.06.02-04.17.46:608][  0]LogConfig: Setting CVar [[r.ParticleLightQuality:2]]
[2024.06.02-04.17.46:608][  0]LogConfig: Setting CVar [[r.SkyAtmosphere.AerialPerspectiveLUT.FastApplyOnOpaque:1 ; Always have FastSkyLUT 1 in this case to avoid wrong sky]]
[2024.06.02-04.17.46:608][  0]LogConfig: Setting CVar [[r.SkyAtmosphere.AerialPerspectiveLUT.SampleCountMaxPerSlice:4]]
[2024.06.02-04.17.46:608][  0]LogConfig: Setting CVar [[r.SkyAtmosphere.AerialPerspectiveLUT.DepthResolution:16.0]]
[2024.06.02-04.17.46:608][  0]LogConfig: Setting CVar [[r.SkyAtmosphere.FastSkyLUT:1]]
[2024.06.02-04.17.46:608][  0]LogConfig: Setting CVar [[r.SkyAtmosphere.FastSkyLUT.SampleCountMin:4.0]]
[2024.06.02-04.17.46:608][  0]LogConfig: Setting CVar [[r.SkyAtmosphere.FastSkyLUT.SampleCountMax:128.0]]
[2024.06.02-04.17.46:608][  0]LogConfig: Setting CVar [[r.SkyAtmosphere.SampleCountMin:4.0]]
[2024.06.02-04.17.46:608][  0]LogConfig: Setting CVar [[r.SkyAtmosphere.SampleCountMax:128.0]]
[2024.06.02-04.17.46:608][  0]LogConfig: Setting CVar [[r.SkyAtmosphere.TransmittanceLUT.UseSmallFormat:0]]
[2024.06.02-04.17.46:608][  0]LogConfig: Setting CVar [[r.SkyAtmosphere.TransmittanceLUT.SampleCount:10.0]]
[2024.06.02-04.17.46:608][  0]LogConfig: Setting CVar [[r.SkyAtmosphere.MultiScatteringLUT.SampleCount:15.0]]
[2024.06.02-04.17.46:608][  0]LogConfig: Setting CVar [[r.SkyLight.RealTimeReflectionCapture:1]]
[2024.06.02-04.17.46:608][  0]LogConfig: Applying CVar settings from Section [FoliageQuality@3] File [G:/UE/PROJECT/Game-Landscape/game_project/Saved/Config/Windows/Scalability.ini]
[2024.06.02-04.17.46:608][  0]LogConfig: Setting CVar [[foliage.DensityScale:1.0]]
[2024.06.02-04.17.46:608][  0]LogConfig: Setting CVar [[grass.DensityScale:1.0]]
[2024.06.02-04.17.46:608][  0]LogConfig: Applying CVar settings from Section [ShadingQuality@3] File [G:/UE/PROJECT/Game-Landscape/game_project/Saved/Config/Windows/Scalability.ini]
[2024.06.02-04.17.46:608][  0]LogConfig: Setting CVar [[r.HairStrands.SkyLighting.IntegrationType:2]]
[2024.06.02-04.17.46:608][  0]LogConfig: Setting CVar [[r.HairStrands.SkyAO.SampleCount:4]]
[2024.06.02-04.17.46:608][  0]LogConfig: Setting CVar [[r.HairStrands.Visibility.MSAA.SamplePerPixel:4]]
[2024.06.02-04.17.46:608][  0]LogInit: Selected Device Profile: [Windows]
[2024.06.02-04.17.46:608][  0]LogInit: Applying CVar settings loaded from the selected device profile: [Windows]
[2024.06.02-04.17.46:608][  0]LogHAL: Display: Platform has ~ 8 GB [8494747648 / 8589934592 / 8], which maps to Default [LargestMinGB=32, LargerMinGB=12, DefaultMinGB=8, SmallerMinGB=6, SmallestMinGB=0)
[2024.06.02-04.17.46:608][  0]LogInit: Going up to parent DeviceProfile []
[2024.06.02-04.17.46:609][  0]LogConfig: Applying CVar settings from Section [ViewDistanceQuality@3] File [G:/UE/PROJECT/Game-Landscape/game_project/Saved/Config/Windows/Scalability.ini]
[2024.06.02-04.17.46:609][  0]LogConfig: Setting CVar [[r.SkeletalMeshLODBias:0]]
[2024.06.02-04.17.46:609][  0]LogConfig: Setting CVar [[r.ViewDistanceScale:1.0]]
[2024.06.02-04.17.46:609][  0]LogConfig: Applying CVar settings from Section [AntiAliasingQuality@3] File [G:/UE/PROJECT/Game-Landscape/game_project/Saved/Config/Windows/Scalability.ini]
[2024.06.02-04.17.46:609][  0]LogConfig: Setting CVar [[r.PostProcessAAQuality:4]]
[2024.06.02-04.17.46:609][  0]LogConfig: Applying CVar settings from Section [ShadowQuality@3] File [G:/UE/PROJECT/Game-Landscape/game_project/Saved/Config/Windows/Scalability.ini]
[2024.06.02-04.17.46:609][  0]LogConfig: Setting CVar [[r.LightFunctionQuality:1]]
[2024.06.02-04.17.46:609][  0]LogConfig: Setting CVar [[r.ShadowQuality:5]]
[2024.06.02-04.17.46:609][  0]LogConfig: Setting CVar [[r.Shadow.CSM.MaxCascades:10]]
[2024.06.02-04.17.46:609][  0]LogConfig: Setting CVar [[r.Shadow.MaxResolution:2048]]
[2024.06.02-04.17.46:609][  0]LogConfig: Setting CVar [[r.Shadow.MaxCSMResolution:2048]]
[2024.06.02-04.17.46:609][  0]LogConfig: Setting CVar [[r.Shadow.RadiusThreshold:0.01]]
[2024.06.02-04.17.46:609][  0]LogConfig: Setting CVar [[r.Shadow.DistanceScale:1.0]]
[2024.06.02-04.17.46:609][  0]LogConfig: Setting CVar [[r.Shadow.CSM.TransitionScale:1.0]]
[2024.06.02-04.17.46:609][  0]LogConfig: Setting CVar [[r.Shadow.PreShadowResolutionFactor:1.0]]
[2024.06.02-04.17.46:609][  0]LogConfig: Setting CVar [[r.DistanceFieldShadowing:1]]
[2024.06.02-04.17.46:609][  0]LogConfig: Setting CVar [[r.DistanceFieldAO:1]]
[2024.06.02-04.17.46:609][  0]LogConfig: Setting CVar [[r.AOQuality:2]]
[2024.06.02-04.17.46:609][  0]LogConfig: Setting CVar [[r.VolumetricFog:1]]
[2024.06.02-04.17.46:609][  0]LogConfig: Setting CVar [[r.VolumetricFog.GridPixelSize:8]]
[2024.06.02-04.17.46:609][  0]LogConfig: Setting CVar [[r.VolumetricFog.GridSizeZ:128]]
[2024.06.02-04.17.46:609][  0]LogConfig: Setting CVar [[r.VolumetricFog.HistoryMissSupersampleCount:4]]
[2024.06.02-04.17.46:609][  0]LogConfig: Setting CVar [[r.LightMaxDrawDistanceScale:1]]
[2024.06.02-04.17.46:609][  0]LogConfig: Setting CVar [[r.CapsuleShadows:1]]
[2024.06.02-04.17.46:609][  0]LogConfig: Applying CVar settings from Section [PostProcessQuality@3] File [G:/UE/PROJECT/Game-Landscape/game_project/Saved/Config/Windows/Scalability.ini]
[2024.06.02-04.17.46:609][  0]LogConfig: Setting CVar [[r.MotionBlurQuality:4]]
[2024.06.02-04.17.46:609][  0]LogConfig: Setting CVar [[r.AmbientOcclusionMipLevelFactor:0.4]]
[2024.06.02-04.17.46:609][  0]LogConfig: Setting CVar [[r.AmbientOcclusionMaxQuality:100]]
[2024.06.02-04.17.46:609][  0]LogConfig: Setting CVar [[r.AmbientOcclusionLevels:-1]]
[2024.06.02-04.17.46:609][  0]LogConfig: Setting CVar [[r.AmbientOcclusionRadiusScale:1.0]]
[2024.06.02-04.17.46:609][  0]LogConfig: Setting CVar [[r.DepthOfFieldQuality:2]]
[2024.06.02-04.17.46:609][  0]LogConfig: Setting CVar [[r.RenderTargetPoolMin:400]]
[2024.06.02-04.17.46:609][  0]LogConfig: Setting CVar [[r.LensFlareQuality:2]]
[2024.06.02-04.17.46:609][  0]LogConfig: Setting CVar [[r.SceneColorFringeQuality:1]]
[2024.06.02-04.17.46:609][  0]LogConfig: Setting CVar [[r.EyeAdaptationQuality:2]]
[2024.06.02-04.17.46:609][  0]LogConfig: Setting CVar [[r.BloomQuality:5]]
[2024.06.02-04.17.46:609][  0]LogConfig: Setting CVar [[r.FastBlurThreshold:100]]
[2024.06.02-04.17.46:609][  0]LogConfig: Setting CVar [[r.Upscale.Quality:3]]
[2024.06.02-04.17.46:609][  0]LogConfig: Setting CVar [[r.Tonemapper.GrainQuantization:1]]
[2024.06.02-04.17.46:610][  0]LogConfig: Setting CVar [[r.LightShaftQuality:1]]
[2024.06.02-04.17.46:610][  0]LogConfig: Setting CVar [[r.Filter.SizeScale:1]]
[2024.06.02-04.17.46:610][  0]LogConfig: Setting CVar [[r.Tonemapper.Quality:5]]
[2024.06.02-04.17.46:610][  0]LogConfig: Setting CVar [[r.DOF.Gather.AccumulatorQuality:1        ; higher gathering accumulator quality]]
[2024.06.02-04.17.46:610][  0]LogConfig: Setting CVar [[r.DOF.Gather.PostfilterMethod:1          ; Median3x3 postfilering method]]
[2024.06.02-04.17.46:610][  0]LogConfig: Setting CVar [[r.DOF.Gather.EnableBokehSettings:0       ; no bokeh simulation when gathering]]
[2024.06.02-04.17.46:610][  0]LogConfig: Setting CVar [[r.DOF.Gather.RingCount:4                 ; medium number of samples when gathering]]
[2024.06.02-04.17.46:610][  0]LogConfig: Setting CVar [[r.DOF.Scatter.ForegroundCompositing:1    ; additive foreground scattering]]
[2024.06.02-04.17.46:610][  0]LogConfig: Setting CVar [[r.DOF.Scatter.BackgroundCompositing:2    ; additive background scattering]]
[2024.06.02-04.17.46:610][  0]LogConfig: Setting CVar [[r.DOF.Scatter.EnableBokehSettings:1      ; bokeh simulation when scattering]]
[2024.06.02-04.17.46:610][  0]LogConfig: Setting CVar [[r.DOF.Scatter.MaxSpriteRatio:0.1         ; only a maximum of 10% of scattered bokeh]]
[2024.06.02-04.17.46:610][  0]LogConfig: Setting CVar [[r.DOF.Recombine.Quality:1                ; cheap slight out of focus]]
[2024.06.02-04.17.46:610][  0]LogConfig: Setting CVar [[r.DOF.Recombine.EnableBokehSettings:0    ; no bokeh simulation on slight out of focus]]
[2024.06.02-04.17.46:610][  0]LogConfig: Setting CVar [[r.DOF.TemporalAAQuality:1                ; more stable temporal accumulation]]
[2024.06.02-04.17.46:610][  0]LogConfig: Setting CVar [[r.DOF.Kernel.MaxForegroundRadius:0.025]]
[2024.06.02-04.17.46:610][  0]LogConfig: Setting CVar [[r.DOF.Kernel.MaxBackgroundRadius:0.025]]
[2024.06.02-04.17.46:610][  0]LogConfig: Applying CVar settings from Section [TextureQuality@3] File [G:/UE/PROJECT/Game-Landscape/game_project/Saved/Config/Windows/Scalability.ini]
[2024.06.02-04.17.46:610][  0]LogConfig: Setting CVar [[r.Streaming.MipBias:0]]
[2024.06.02-04.17.46:610][  0]LogConfig: Setting CVar [[r.Streaming.AmortizeCPUToGPUCopy:0]]
[2024.06.02-04.17.46:610][  0]LogConfig: Setting CVar [[r.Streaming.MaxNumTexturesToStreamPerFrame:0]]
[2024.06.02-04.17.46:610][  0]LogConfig: Setting CVar [[r.Streaming.Boost:1]]
[2024.06.02-04.17.46:610][  0]LogConfig: Setting CVar [[r.MaxAnisotropy:8]]
[2024.06.02-04.17.46:610][  0]LogConfig: Setting CVar [[r.VT.MaxAnisotropy:8]]
[2024.06.02-04.17.46:610][  0]LogConfig: Setting CVar [[r.Streaming.LimitPoolSizeToVRAM:0]]
[2024.06.02-04.17.46:610][  0]LogConfig: Setting CVar [[r.Streaming.PoolSize:1000]]
[2024.06.02-04.17.46:610][  0]LogConfig: Setting CVar [[r.Streaming.MaxEffectiveScreenSize:0]]
[2024.06.02-04.17.46:610][  0]LogConfig: Applying CVar settings from Section [EffectsQuality@3] File [G:/UE/PROJECT/Game-Landscape/game_project/Saved/Config/Windows/Scalability.ini]
[2024.06.02-04.17.46:610][  0]LogConfig: Setting CVar [[r.TranslucencyLightingVolumeDim:64]]
[2024.06.02-04.17.46:610][  0]LogConfig: Setting CVar [[r.RefractionQuality:2]]
[2024.06.02-04.17.46:610][  0]LogConfig: Setting CVar [[r.SSR.Quality:3]]
[2024.06.02-04.17.46:610][  0]LogConfig: Setting CVar [[r.SSR.HalfResSceneColor:0]]
[2024.06.02-04.17.46:610][  0]LogConfig: Setting CVar [[r.SceneColorFormat:4]]
[2024.06.02-04.17.46:610][  0]LogConfig: Setting CVar [[r.DetailMode:2]]
[2024.06.02-04.17.46:610][  0]LogConfig: Setting CVar [[r.TranslucencyVolumeBlur:1]]
[2024.06.02-04.17.46:610][  0]LogConfig: Setting CVar [[r.MaterialQualityLevel:1 ; High quality]]
[2024.06.02-04.17.46:610][  0]LogConfig: Setting CVar [[r.AnisotropicMaterials:1]]
[2024.06.02-04.17.46:610][  0]LogConfig: Setting CVar [[r.SSS.Scale:1]]
[2024.06.02-04.17.46:610][  0]LogConfig: Setting CVar [[r.SSS.SampleSet:2]]
[2024.06.02-04.17.46:610][  0]LogConfig: Setting CVar [[r.SSS.Quality:1]]
[2024.06.02-04.17.46:611][  0]LogConfig: Setting CVar [[r.SSS.HalfRes:0]]
[2024.06.02-04.17.46:611][  0]LogConfig: Setting CVar [[r.SSGI.Quality:3]]
[2024.06.02-04.17.46:611][  0]LogConfig: Setting CVar [[r.EmitterSpawnRateScale:1.0]]
[2024.06.02-04.17.46:611][  0]LogConfig: Setting CVar [[r.ParticleLightQuality:2]]
[2024.06.02-04.17.46:611][  0]LogConfig: Setting CVar [[r.SkyAtmosphere.AerialPerspectiveLUT.FastApplyOnOpaque:1 ; Always have FastSkyLUT 1 in this case to avoid wrong sky]]
[2024.06.02-04.17.46:611][  0]LogConfig: Setting CVar [[r.SkyAtmosphere.AerialPerspectiveLUT.SampleCountMaxPerSlice:4]]
[2024.06.02-04.17.46:611][  0]LogConfig: Setting CVar [[r.SkyAtmosphere.AerialPerspectiveLUT.DepthResolution:16.0]]
[2024.06.02-04.17.46:611][  0]LogConfig: Setting CVar [[r.SkyAtmosphere.FastSkyLUT:1]]
[2024.06.02-04.17.46:611][  0]LogConfig: Setting CVar [[r.SkyAtmosphere.FastSkyLUT.SampleCountMin:4.0]]
[2024.06.02-04.17.46:611][  0]LogConfig: Setting CVar [[r.SkyAtmosphere.FastSkyLUT.SampleCountMax:128.0]]
[2024.06.02-04.17.46:611][  0]LogConfig: Setting CVar [[r.SkyAtmosphere.SampleCountMin:4.0]]
[2024.06.02-04.17.46:611][  0]LogConfig: Setting CVar [[r.SkyAtmosphere.SampleCountMax:128.0]]
[2024.06.02-04.17.46:611][  0]LogConfig: Setting CVar [[r.SkyAtmosphere.TransmittanceLUT.UseSmallFormat:0]]
[2024.06.02-04.17.46:611][  0]LogConfig: Setting CVar [[r.SkyAtmosphere.TransmittanceLUT.SampleCount:10.0]]
[2024.06.02-04.17.46:611][  0]LogConfig: Setting CVar [[r.SkyAtmosphere.MultiScatteringLUT.SampleCount:15.0]]
[2024.06.02-04.17.46:611][  0]LogConfig: Setting CVar [[r.SkyLight.RealTimeReflectionCapture:1]]
[2024.06.02-04.17.46:611][  0]LogConfig: Applying CVar settings from Section [FoliageQuality@3] File [G:/UE/PROJECT/Game-Landscape/game_project/Saved/Config/Windows/Scalability.ini]
[2024.06.02-04.17.46:611][  0]LogConfig: Setting CVar [[foliage.DensityScale:1.0]]
[2024.06.02-04.17.46:611][  0]LogConfig: Setting CVar [[grass.DensityScale:1.0]]
[2024.06.02-04.17.46:611][  0]LogConfig: Applying CVar settings from Section [ShadingQuality@3] File [G:/UE/PROJECT/Game-Landscape/game_project/Saved/Config/Windows/Scalability.ini]
[2024.06.02-04.17.46:611][  0]LogConfig: Setting CVar [[r.HairStrands.SkyLighting.IntegrationType:2]]
[2024.06.02-04.17.46:611][  0]LogConfig: Setting CVar [[r.HairStrands.SkyAO.SampleCount:4]]
[2024.06.02-04.17.46:611][  0]LogConfig: Setting CVar [[r.HairStrands.Visibility.MSAA.SamplePerPixel:4]]
[2024.06.02-04.17.46:611][  0]LogConfig: Applying CVar settings from Section [Startup] File [../../../Engine/Config/ConsoleVariables.ini]
[2024.06.02-04.17.46:612][  0]LogConfig: Setting CVar [[net.UseAdaptiveNetUpdateFrequency:0]]
[2024.06.02-04.17.46:612][  0]LogConfig: Setting CVar [[p.chaos.AllowCreatePhysxBodies:1]]
[2024.06.02-04.17.46:612][  0]LogConfig: Setting CVar [[fx.SkipVectorVMBackendOptimizations:1]]
[2024.06.02-04.17.46:612][  0]LogConfig: Applying CVar settings from Section [ConsoleVariables] File [G:/UE/PROJECT/Game-Landscape/game_project/Saved/Config/Windows/Engine.ini]
[2024.06.02-04.17.46:612][  0]LogConfig: Applying CVar settings from Section [ConsoleVariables] File [G:/UE/PROJECT/Game-Landscape/game_project/Saved/Config/Windows/Editor.ini]
[2024.06.02-04.17.46:612][  0]LogInit: Computer: DESKTOP-S79TQUH
[2024.06.02-04.17.46:612][  0]LogInit: User: Sany
[2024.06.02-04.17.46:612][  0]LogInit: CPU Page size=4096, Cores=4
[2024.06.02-04.17.46:612][  0]LogInit: High frequency timer resolution =10.000000 MHz
[2024.06.02-04.17.46:612][  0]LogMemory: Memory total: Physical=7.9GB (8GB approx)
[2024.06.02-04.17.46:612][  0]LogMemory: Platform Memory Stats for Windows
[2024.06.02-04.17.46:612][  0]LogMemory: Process Physical Memory: 142.51 MB used, 142.52 MB peak
[2024.06.02-04.17.46:612][  0]LogMemory: Process Virtual Memory: 126.32 MB used, 126.32 MB peak
[2024.06.02-04.17.46:612][  0]LogMemory: Physical Memory: 5730.42 MB used,  2370.80 MB free, 8101.22 MB total
[2024.06.02-04.17.46:612][  0]LogMemory: Virtual Memory: 134211392.00 MB used,  6332.84 MB free, 134217728.00 MB total
[2024.06.02-04.17.46:620][  0]LogWindows: WindowsPlatformFeatures enabled
[2024.06.02-04.17.46:659][  0]LogInit: Physics initialised using underlying interface: PhysX
[2024.06.02-04.17.46:661][  0]LogInit: Using OS detected language (en-US).
[2024.06.02-04.17.46:661][  0]LogInit: Using OS detected locale (en-US).
[2024.06.02-04.17.46:668][  0]LogTextLocalizationManager: No specific localization for 'en-US' exists, so the 'en' localization will be used.
[2024.06.02-04.17.47:030][  0]LogInit: Setting process to per monitor DPI aware
[2024.06.02-04.17.47:053][  0]LogWindowsTextInputMethodSystem: Display: IME system deactivated.
[2024.06.02-04.17.47:075][  0]LogSlate: New Slate User Created.  User Index 0, Is Virtual User: 0
[2024.06.02-04.17.47:075][  0]LogSlate: Slate User Registered.  User Index 0, Is Virtual User: 0
[2024.06.02-04.17.47:338][  0]LogD3D11RHI: Loaded GFSDK_Aftermath_Lib.x64.dll
[2024.06.02-04.17.47:345][  0]LogHMD: Failed to initialize OpenVR with code 110
[2024.06.02-04.17.47:345][  0]LogD3D11RHI: D3D11 min allowed feature level: 11_0
[2024.06.02-04.17.47:345][  0]LogD3D11RHI: D3D11 max allowed feature level: 11_0
[2024.06.02-04.17.47:345][  0]LogD3D11RHI: D3D11 adapters:
[2024.06.02-04.17.47:475][  0]LogD3D11RHI:    0. 'AMD Radeon(TM) 530' (Feature Level 11_0)
[2024.06.02-04.17.47:475][  0]LogD3D11RHI:       4086/0/4050 MB DedicatedVideo/DedicatedSystem/SharedSystem, Outputs:1, VendorId:0x1002
[2024.06.02-04.17.47:565][  0]LogD3D11RHI:    1. 'Intel(R) UHD Graphics 620' (Feature Level 11_0)
[2024.06.02-04.17.47:565][  0]LogD3D11RHI:       128/0/4050 MB DedicatedVideo/DedicatedSystem/SharedSystem, Outputs:0, VendorId:0x8086
[2024.06.02-04.17.47:569][  0]LogD3D11RHI:    2. 'Microsoft Basic Render Driver' (Feature Level 11_0)
[2024.06.02-04.17.47:569][  0]LogD3D11RHI:       0/0/4050 MB DedicatedVideo/DedicatedSystem/SharedSystem, Outputs:0, VendorId:0x1414
[2024.06.02-04.17.47:569][  0]LogD3D11RHI: Chosen D3D11 Adapter:
[2024.06.02-04.17.47:569][  0]LogD3D11RHI:     Description : AMD Radeon(TM) 530
[2024.06.02-04.17.47:569][  0]LogD3D11RHI:     VendorId    : 1002
[2024.06.02-04.17.47:569][  0]LogD3D11RHI:     DeviceId    : 6900
[2024.06.02-04.17.47:569][  0]LogD3D11RHI:     SubSysId    : 396417aa
[2024.06.02-04.17.47:570][  0]LogD3D11RHI:     Revision    : 00c3
[2024.06.02-04.17.47:570][  0]LogD3D11RHI:     DedicatedVideoMemory : 4284755968 bytes
[2024.06.02-04.17.47:570][  0]LogD3D11RHI:     DedicatedSystemMemory : 0 bytes
[2024.06.02-04.17.47:570][  0]LogD3D11RHI:     SharedSystemMemory : 4247373824 bytes
[2024.06.02-04.17.47:570][  0]LogD3D11RHI:     AdapterLuid : 0 54543
[2024.06.02-04.17.47:578][  0]LogD3D11RHI: Creating new Direct3DDevice
[2024.06.02-04.17.47:578][  0]LogD3D11RHI:     GPU DeviceId: 0x6900 (for the marketing name, search the web for "GPU Device Id")
[2024.06.02-04.17.47:578][  0]LogWindows: EnumDisplayDevices:
[2024.06.02-04.17.47:578][  0]LogWindows:    0. 'Intel(R) UHD Graphics 620' (P:1 D:1)
[2024.06.02-04.17.47:579][  0]LogWindows:    1. 'Intel(R) UHD Graphics 620' (P:0 D:0)
[2024.06.02-04.17.47:579][  0]LogWindows:    2. 'Intel(R) UHD Graphics 620' (P:0 D:0)
[2024.06.02-04.17.47:580][  0]LogWindows: DebugString: PrimaryIsNotTheChoosenAdapter PrimaryIsNotTheChoosenAdapter PrimaryIsNotTheChoosenAdapter FoundDriverCount:0 
[2024.06.02-04.17.47:580][  0]LogD3D11RHI:     Adapter Name: AMD Radeon(TM) 530
[2024.06.02-04.17.47:580][  0]LogD3D11RHI:   Driver Version: Unknown (internal:Unknown, unified:Unknown)
[2024.06.02-04.17.47:580][  0]LogD3D11RHI:      Driver Date: Unknown
[2024.06.02-04.17.47:580][  0]LogRHI: Texture pool is 2431 MB (70% of 3473 MB)
[2024.06.02-04.17.47:601][  0]LogD3D11RHI: Creating D3DDevice with AMD AGS, using adapter:
[2024.06.02-04.17.47:601][  0]LogD3D11RHI:     Description : AMD Radeon(TM) 530
[2024.06.02-04.17.47:601][  0]LogD3D11RHI:     VendorId    : 1002
[2024.06.02-04.17.47:601][  0]LogD3D11RHI:     DeviceId    : 6900
[2024.06.02-04.17.47:602][  0]LogD3D11RHI:     SubSysId    : 396417aa
[2024.06.02-04.17.47:602][  0]LogD3D11RHI:     Revision    : 00c3
[2024.06.02-04.17.47:602][  0]LogD3D11RHI:     DedicatedVideoMemory : 4284755968 bytes
[2024.06.02-04.17.47:602][  0]LogD3D11RHI:     DedicatedSystemMemory : 0 bytes
[2024.06.02-04.17.47:602][  0]LogD3D11RHI:     SharedSystemMemory : 4247373824 bytes
[2024.06.02-04.17.47:602][  0]LogD3D11RHI:     AdapterLuid : 0 54543
[2024.06.02-04.17.47:728][  0]LogD3D11RHI: Created device via AGS, feature level 11_0, supported extensions 1fffffbf.
[2024.06.02-04.17.47:728][  0]LogD3D11RHI: RHI has support for 64 bit atomics
[2024.06.02-04.17.47:728][  0]LogD3D11RHI: Async texture creation enabled
[2024.06.02-04.17.47:728][  0]LogD3D11RHI: Array index from any shader is supported
[2024.06.02-04.17.47:751][  0]LogD3D11RHI: GPU Timing Frequency: 27.000000 (Debug: 2 1)
[2024.06.02-04.17.48:333][  0]LogTargetPlatformManager: Display: Loaded TargetPlatform 'AllDesktop'
[2024.06.02-04.17.48:372][  0]LogTargetPlatformManager: Display: Loaded TargetPlatform 'Android'
[2024.06.02-04.17.48:373][  0]LogTargetPlatformManager: Display: Loaded TargetPlatform 'Android_ASTC'
[2024.06.02-04.17.48:373][  0]LogTargetPlatformManager: Display: Loaded TargetPlatform 'Android_DXT'
[2024.06.02-04.17.48:373][  0]LogTargetPlatformManager: Display: Loaded TargetPlatform 'Android_ETC2'
[2024.06.02-04.17.48:373][  0]LogTargetPlatformManager: Display: Loaded TargetPlatform 'AndroidClient'
[2024.06.02-04.17.48:373][  0]LogTargetPlatformManager: Display: Loaded TargetPlatform 'Android_ASTCClient'
[2024.06.02-04.17.48:373][  0]LogTargetPlatformManager: Display: Loaded TargetPlatform 'Android_DXTClient'
[2024.06.02-04.17.48:373][  0]LogTargetPlatformManager: Display: Loaded TargetPlatform 'Android_ETC2Client'
[2024.06.02-04.17.48:373][  0]LogTargetPlatformManager: Display: Loaded TargetPlatform 'Android_Multi'
[2024.06.02-04.17.48:373][  0]LogTargetPlatformManager: Display: Loaded TargetPlatform 'Android_MultiClient'
[2024.06.02-04.17.48:404][  0]LogTargetPlatformManager: Display: Loaded TargetPlatform 'IOSClient'
[2024.06.02-04.17.48:404][  0]LogTargetPlatformManager: Display: Loaded TargetPlatform 'IOS'
[2024.06.02-04.17.48:420][  0]LogTargetPlatformManager: Display: Loaded TargetPlatform 'Linux'
[2024.06.02-04.17.48:428][  0]LogTargetPlatformManager: Display: Loaded TargetPlatform 'LinuxNoEditor'
[2024.06.02-04.17.48:435][  0]LogTargetPlatformManager: Display: Loaded TargetPlatform 'LinuxClient'
[2024.06.02-04.17.48:442][  0]LogTargetPlatformManager: Display: Loaded TargetPlatform 'LinuxServer'
[2024.06.02-04.17.48:459][  0]LogTargetPlatformManager: Display: Loaded TargetPlatform 'LinuxAArch64NoEditor'
[2024.06.02-04.17.48:467][  0]LogTargetPlatformManager: Display: Loaded TargetPlatform 'LinuxAArch64Client'
[2024.06.02-04.17.48:474][  0]LogTargetPlatformManager: Display: Loaded TargetPlatform 'LinuxAArch64Server'
[2024.06.02-04.17.48:516][  0]LogTargetPlatformManager: Display: Loaded TargetPlatform 'Lumin'
[2024.06.02-04.17.48:516][  0]LogTargetPlatformManager: Display: Loaded TargetPlatform 'LuminClient'
[2024.06.02-04.17.48:531][  0]LogTargetPlatformManager: Display: Loaded TargetPlatform 'MacNoEditor'
[2024.06.02-04.17.48:542][  0]LogTargetPlatformManager: Display: Loaded TargetPlatform 'Mac'
[2024.06.02-04.17.48:550][  0]LogTargetPlatformManager: Display: Loaded TargetPlatform 'MacClient'
[2024.06.02-04.17.48:557][  0]LogTargetPlatformManager: Display: Loaded TargetPlatform 'MacServer'
[2024.06.02-04.17.48:575][  0]LogTargetPlatformManager: Display: Loaded TargetPlatform 'TVOSClient'
[2024.06.02-04.17.48:575][  0]LogTargetPlatformManager: Display: Loaded TargetPlatform 'TVOS'
[2024.06.02-04.17.48:591][  0]LogTargetPlatformManager: Display: Loaded TargetPlatform 'WindowsNoEditor'
[2024.06.02-04.17.48:599][  0]LogTargetPlatformManager: Display: Loaded TargetPlatform 'Windows'
[2024.06.02-04.17.48:607][  0]LogTargetPlatformManager: Display: Loaded TargetPlatform 'WindowsClient'
[2024.06.02-04.17.48:614][  0]LogTargetPlatformManager: Display: Loaded TargetPlatform 'WindowsServer'
[2024.06.02-04.17.48:615][  0]LogTargetPlatformManager: Display: Building Assets For Windows
[2024.06.02-04.17.48:627][  0]LogAudioDebug: Display: Lib vorbis DLL was dynamically loaded.
[2024.06.02-04.17.48:684][  0]LogTextureFormatOodle: Display: Oodle Texture 2.9.0 init RDO Off
[2024.06.02-04.17.48:740][  0]LogRendererCore: Ray tracing is disabled. Reason: r.RayTracing=0.
[2024.06.02-04.17.48:740][  0]LogShaderCompilers: Guid format shader working directory is 4 characters bigger than the processId version (G:/UE/PROJECT/Game-Landscape/game_project/Intermediate/Shaders/WorkingDirectory/13952/).
[2024.06.02-04.17.48:740][  0]LogShaderCompilers: Cleaned the shader compiler working directory 'C:/Users/admin/AppData/Local/Temp/UnrealShaderWorkingDir/FCBB65584EC80F89C3967C9A394216EC/'.
[2024.06.02-04.17.48:741][  0]LogXGEController: Cannot use XGE Controller as Incredibuild is not installed on this machine.
[2024.06.02-04.17.48:741][  0]LogShaderCompilers: Cannot use XGE Shader Compiler as Incredibuild is not installed on this machine.
[2024.06.02-04.17.48:741][  0]LogShaderCompilers: Display: Using Local Shader Compiler.
[2024.06.02-04.17.50:234][  0]LogDerivedDataCache: Display: Max Cache Size: 512 MB
[2024.06.02-04.17.50:328][  0]LogDerivedDataCache: Loaded boot cache 0.09s 94MB C:/Users/admin/AppData/Local/UnrealEngine/4.27/DerivedDataCache/Boot.ddc.
[2024.06.02-04.17.50:328][  0]LogDerivedDataCache: Display: Loaded Boot cache: C:/Users/admin/AppData/Local/UnrealEngine/4.27/DerivedDataCache/Boot.ddc
[2024.06.02-04.17.50:328][  0]LogDerivedDataCache: FDerivedDataBackendGraph:  Pak pak cache file G:/UE/PROJECT/Game-Landscape/game_project/DerivedDataCache/DDC.ddp not found, will not use a pak cache.
[2024.06.02-04.17.50:328][  0]LogDerivedDataCache: Unable to find inner node Pak for hierarchical cache Hierarchy.
[2024.06.02-04.17.50:328][  0]LogDerivedDataCache: FDerivedDataBackendGraph:  CompressedPak pak cache file G:/UE/PROJECT/Game-Landscape/game_project/DerivedDataCache/Compressed.ddp not found, will not use a pak cache.
[2024.06.02-04.17.50:328][  0]LogDerivedDataCache: Unable to find inner node CompressedPak for hierarchical cache Hierarchy.
[2024.06.02-04.17.50:360][  0]LogDerivedDataCache: Display: Pak cache opened for reading ../../../Engine/DerivedDataCache/Compressed.ddp.
[2024.06.02-04.17.50:360][  0]LogDerivedDataCache: FDerivedDataBackendGraph:  EnterprisePak pak cache file ../../../Enterprise/DerivedDataCache/Compressed.ddp not found, will not use a pak cache.
[2024.06.02-04.17.50:360][  0]LogDerivedDataCache: Unable to find inner node EnterprisePak for hierarchical cache Hierarchy.
[2024.06.02-04.17.50:513][  0]LogDerivedDataCache: Speed tests for C:/Users/admin/AppData/Local/UnrealEngine/Common/DerivedDataCache took 0.15 seconds
[2024.06.02-04.17.50:513][  0]LogDerivedDataCache: Display: Performance to C:/Users/admin/AppData/Local/UnrealEngine/Common/DerivedDataCache: Latency=0.06ms. RandomReadSpeed=649.95MBs, RandomWriteSpeed=6.17MBs. Assigned SpeedClass 'Local'
[2024.06.02-04.17.50:514][  0]LogDerivedDataCache: Using Local data cache path C:/Users/admin/AppData/Local/UnrealEngine/Common/DerivedDataCache: Writable
[2024.06.02-04.17.50:515][  0]LogDerivedDataCache: Shared data cache path not found in *engine.ini, will not use an Shared cache.
[2024.06.02-04.17.50:515][  0]LogDerivedDataCache: Unable to find inner node Shared for hierarchical cache Hierarchy.
[2024.06.02-04.17.50:607][  0]LogSlate: Using FreeType 2.10.0
[2024.06.02-04.17.50:608][  0]LogSlate: SlateFontServices - WITH_FREETYPE: 1, WITH_HARFBUZZ: 1
[2024.06.02-04.17.50:651][  0]LogAssetRegistry: FAssetRegistry took 0.0045 seconds to start up
[2024.06.02-04.17.51:122][  0]LogInit: Selected Device Profile: [Windows]
[2024.06.02-04.17.51:123][  0]LogInit: Active device profile: [000002327C45CF00][000002327D2015C0 49] Windows
[2024.06.02-04.17.51:123][  0]LogInit: Profiles: [000002327C45CF00][000002327D2015C0 49] Windows, [000002327C422400][0000023276EBF740 49] WindowsNoEditor, [000002327C45DF00][0000023276EC38C0 49] WindowsServer, [000002327C421800][000002327D113A40 49] WindowsClient, [000002327C45D200][000002327D117BC0 49] IOS, [000002327C423A00][000002327D11A1C0 49] iPadAir, [000002327C45F300][000002327D11E340 49] iPadAir2, [000002327DFD9300][000002327D2045C0 49] IPadPro, [000002327DFD9400][000002327D31A600 49] iPadAir3, [000002327C420B00][0000023276E1A740 49] iPadAir4, [000002327DFDA100][0000023276E1E880 49] iPadMini2, [000002327C423400][000002327D39C9C0 49] iPadMini3, [000002327DFDAC00][000002327D3A4B40 49] iPadMini4, [000002327C422600][000002327D3A8CC0 49] iPadMini5, [000002327C3DCE00][000002327D5E8F80 49] iPhone6, [000002327C3DCF00][000002327D5E4FC0 49] iPodTouch6, [000002327C45F700][000002327717D280 49] iPhone7, [000002327C45E800][00000232771792C0 49] iPodTouch7, [000002327DFD8C00][0000023277181440 49] iPhone5S, [000002327C45D700][00000232771855C0 49] iPhone6Plus, [000002327DFDAA00][0000023277189740 49] iPhone6S, [000002327C45DA00][00000232771758C0 49] iPhone6SPlus, [000002327C3DC100][000002327D3ADA40 49] iPhone7Plus, [000002327DFD9D00][000002327718DBC0 49] iPhoneSE, [000002327C3DCC00][00000232771901C0 49] iPhone8, [000002327DFD8400][000002327D5F8340 49] iPhone8Plus, [000002327C3DEA00][000002327D5FC4C0 49] iPhoneX, [000002327DFDBC00][00000232771BE640 49] iPhoneXS, [000002327C3DE900][000002327D3A0780 49] iPhoneXSMax, [000002327DFD8B00][000002326F3C88C0 49] iPhoneXR, [000002327C45F800][0000023276F40A00 49] iPhone11, [000002327DFDBD00][000002327D600B40 49] iPhone11Pro, [000002327C45DB00][000002327D608CC0 49] iPhone11ProMax, [000002327DFDA300][000002327D60CE40 49] iPhoneSE2, [000002327C45DE00][000002327D610FC0 49] iPhone12Mini, [000002327DFDB000][000002327D615140 49] iPhone12, [000002327C45F400][00000232758272C0 49] iPhone12Pro, [000002327DFD8D00][000002327582B440 49] iPhone12ProMax, [000002327C45FC00][000002327582F5C0 49] iPadPro105, [000002327DFDB700][0000023275833740 49] iPadPro129, [000002327C45D800][00000232758378C0 49] iPadPro97, [000002327DFD8900][000002327583BA40 49] iPadPro2_129, [000002327C45C800][000002327583FBC0 49] iPad5, [000002327DFD9000][00000232758421C0 49] iPad6, [000002327C45FD00][0000023275846340 49] iPad7, [000002327DFDAB00][000002327584A4C0 49] iPad8, [000002327C45F500][000002327584E640 49] iPadPro11, [000002327DFD9900][00000232758527C0 49] iPadPro2_11, [000002327C45C900][0000023275856940 49] iPadPro3_129, [000002327DFDA800][000002327D604A80 49] iPadPro4_129, [000002327C45EE00][000002327585ABC0 49] AppleTV, [000002327DFD9100][000002327585ED00 49] AppleTV4K, [000002327C45C500][000002327D2B0E80 49] TVOS, [000002327DFDBA00][000002327D2B5000 49] Mac, [000002327C45D100][000002327D2B9180 49] MacClient, [000002327DFD9800][000002327D2BD300 49] MacNoEditor, [000002327C45D600][000002327D2C1480 49] MacServer, [000002327DFDA700][000002327D2C5600 49] Linux, [000002327C45F200][000002327D2C9780 49] LinuxAArch64, [000002327DFD8300][000002327D2CD900 49] LinuxNoEditor, [000002327C45F100][000002327D2D1A80 49] LinuxAArch64NoEditor, [000002327DFD9500][000002327D2D5C00 49] LinuxClient, [000002327C45D000][000002327D2D8200 49] LinuxAArch64Client, [000002327DFDA600][000002327D2DC380 49] LinuxServer, [000002327C45D400][000002327D2E0500 49] LinuxAArch64Server, [000002327DFD9600][000002327D2E4680 49] Android, [000002327C45FA00][000002327D2E8800 49] Android_Low, [000002327DFDA400][000002327D2EC980 49] Android_Mid, [000002327C45DD00][000002327D2F0B00 49] Android_High, [000002327DFDA000][000002327D2ACC40 49] Android_Default, [000002327C45EB00][000002327D2F4D80 49] Android_Adreno4xx, [000002327DFD8A00][000002327D2F8EC0 49] Android_Adreno5xx_Low, [000002327C45FB00][000002327D301040 49] Android_Adreno5xx, [000002327DFDAD00][000002327D3051C0 49] Android_Adreno6xx, [000002327C45C100][000002327D309340 49] Android_Adreno6xx_Vulkan, [000002327DFDA200][000002327D30D4C0 49] Android_Mali_T6xx, [000002327C45ED00][000002327D311640 49] Android_Mali_T7xx, [000002327C421400][000002327D3157C0 49] Android_Mali_T8xx, [000002327C3DC300][000002327D193940 49] Android_Mali_G71, [000002327C420600][000002327D197AC0 49] Android_Mali_G72, [000002327C3DC600][000002327D19A0C0 49] Android_Mali_G72_Vulkan, [000002327C421000][000002327D19E240 49] Android_Mali_G76, [000002327C3DC700][000002327D1A23C0 49] Android_Mali_G76_Vulkan, [000002327C422000][000002327D1A6540 49] Android_Mali_G77, [000002327C3DEF00][000002327D1AA6C0 49] Android_Mali_G77_Vulkan, [000002327C420E00][000002327D1AE840 49] Android_Mali_G78, [000002327C3DF100][000002327D1B29C0 49] Android_Mali_G78_Vulkan, [000002327C421900][000002327D1B6B40 49] Android_Mali_G710, [000002327C3DEC00][000002327D1BACC0 49] Android_Mali_G710_Vulkan, [000002327C423600][000002327D2FCE00 49] Android_Vulkan_SM5, [000002327C3DF500][000002327D1BEF40 49] Android_PowerVR_G6xxx, [000002327C421A00][000002327D1C3080 49] Android_PowerVR_GT7xxx, [000002327C3DDD00][000002327D1C71C0 49] Android_PowerVR_GE8xxx, [000002327C422D00][000002327D1CF340 49] Android_PowerVR_GM9xxx, [000002327C3DC800][000002327D1D34C0 49] Android_PowerVR_GM9xxx_Vulkan, [000002327C423100][000002327D1D7640 49] Android_TegraK1, [000002327C3DD400][000002327D1DB7C0 49] Android_Unknown_Vulkan, [000002327C422300][000002327D1DF940 49] Lumin, [000002327C3DFC00][000002327D1E3AC0 49] Lumin_Desktop, [000002327C422B00][000002327D1E60C0 49] HoloLens, 
[2024.06.02-04.17.51:363][  0]LogMeshReduction: Using QuadricMeshReduction for automatic static mesh reduction
[2024.06.02-04.17.51:363][  0]LogMeshReduction: Using SimplygonMeshReduction for automatic skeletal mesh reduction
[2024.06.02-04.17.51:363][  0]LogMeshReduction: Using ProxyLODMeshReduction for automatic mesh merging
[2024.06.02-04.17.51:363][  0]LogMeshReduction: No distributed automatic mesh merging module available
[2024.06.02-04.17.51:363][  0]LogMeshMerging: No distributed automatic mesh merging module available
[2024.06.02-04.17.51:388][  0]LogNetVersion: game_project 1.0.0, NetCL: 17155196, EngineNetVer: 17, GameNetVer: 0 (Checksum: 2082231636)
[2024.06.02-04.17.52:115][  0]LogTexture: Default maximum texture size for cubemaps generated from long-lat sources has been changed from 512 to unlimited. In order to preserve old behaiour for '/Engine/MapTemplates/Sky/DaylightAmbientCubemap.DaylightAmbientCubemap', its maximum texture size has been explicitly set to 512.
[2024.06.02-04.17.52:201][  0]LogHMD: PokeAHoleMaterial loaded successfully
[2024.06.02-04.17.52:212][  0]LogUObjectArray: 17178 objects as part of root set at end of initial load.
[2024.06.02-04.17.52:212][  0]LogUObjectAllocator: 4302048 out of 0 bytes used by permanent object pool.
[2024.06.02-04.17.52:212][  0]LogUObjectArray: CloseDisregardForGC: 0/0 objects in disregard for GC pool
[2024.06.02-04.17.52:737][  0]LogNiagaraDebuggerClient: Niagara Debugger Client Initialized | Session: 17C5C06344D7C19C6D416A93C3DF59E1 | Instance: B606C7594F5A42E8FB8853B598E01771 (DESKTOP-S79TQUH-13952).
[2024.06.02-04.17.52:811][  0]LogPython: Using Python 3.7.7
[2024.06.02-04.17.54:063][  0]LogTcpMessaging: Initializing TcpMessaging bridge
[2024.06.02-04.17.54:071][  0]LogUdpMessaging: Initializing bridge on interface 0.0.0.0:0 to multicast group 230.0.0.1:6666.
[2024.06.02-04.17.54:324][  0]SourceControl: Source control is disabled
[2024.06.02-04.17.54:325][  0]SourceControl: Source control is disabled
[2024.06.02-04.17.54:330][  0]SourceControl: Source control is disabled
[2024.06.02-04.17.54:335][  0]SourceControl: Source control is disabled
[2024.06.02-04.17.54:351][  0]SourceControl: Source control is disabled
[2024.06.02-04.17.54:390][  0]LogUProjectInfo: Found projects:
[2024.06.02-04.17.54:487][  0]LogVSAccessor: Display: Unable to create Visual Studio setup instance: 80040154
[2024.06.02-04.17.54:488][  0]LogVSAccessor: Display: Unable to create Visual Studio setup instance: 80040154
[2024.06.02-04.17.54:489][  0]LogVSAccessor: Display: Unable to create Visual Studio setup instance: 80040154
[2024.06.02-04.17.54:753][  0]LogOpenImageDenoise: OIDN starting up
[2024.06.02-04.17.54:827][  0]LogAndroidPermission: UAndroidPermissionCallbackProxy::GetInstance
[2024.06.02-04.17.54:864][  0]LogAudioCaptureCore: Display: No Audio Capture implementations found. Audio input will be silent.
[2024.06.02-04.17.54:864][  0]LogAudioCaptureCore: Display: No Audio Capture implementations found. Audio input will be silent.
[2024.06.02-04.17.55:113][  0]LogCollectionManager: Loaded 0 collections in 0.003246 seconds
[2024.06.02-04.17.55:157][  0]LogFileCache: Scanning file cache for directory 'G:/UE/PROJECT/Game-Landscape/game_project/Saved/Collections/' took 0.00s
[2024.06.02-04.17.55:157][  0]LogFileCache: Scanning file cache for directory 'G:/UE/PROJECT/Game-Landscape/game_project/Content/Developers/Sany/Collections/' took 0.00s
[2024.06.02-04.17.55:157][  0]LogFileCache: Scanning file cache for directory 'G:/UE/PROJECT/Game-Landscape/game_project/Content/Collections/' took 0.00s
[2024.06.02-04.17.55:157][  0]LogOcInput: OculusInput pre-init called
[2024.06.02-04.17.55:643][  0]LogEngine: Initializing Engine...
[2024.06.02-04.17.55:647][  0]LogHMD: Failed to enumerate extensions. Please check that you have a valid OpenXR runtime installed.
[2024.06.02-04.17.55:648][  0]LogHMD: Failed to initialize OpenVR with code 110
[2024.06.02-04.17.55:648][  0]LogMagicLeap: Warning: VR disabled because ZI is not enabled.  To enable, in the editor, Edit -> Project Settings -> Plugins -> Magic Leap Plugin -> Enable Zero Iteration
[2024.06.02-04.17.55:649][  0]LogStats: UGameplayTagsManager::InitializeManager -  0.000 s
[2024.06.02-04.17.55:875][  0]LogInit: Initializing FReadOnlyCVARCache
[2024.06.02-04.17.55:888][  0]LogAIModule: Creating AISystem for world Untitled
[2024.06.02-04.17.55:975][  0]LogAudio: Display: Initializing Audio Device Manager...
[2024.06.02-04.17.55:983][  0]LogAudio: Display: Loading Default Audio Settings Objects...
[2024.06.02-04.17.55:985][  0]LogAudio: Display: No default SoundConcurrencyObject specified (or failed to load).
[2024.06.02-04.17.55:985][  0]LogAudio: Display: Audio Device Manager Initialized
[2024.06.02-04.17.55:985][  0]LogAudio: Display: Creating Audio Device:                 Id: 1, Scope: Shared, Realtime: True
[2024.06.02-04.17.55:986][  0]LogAudioMixer: Display: Audio Mixer Platform Settings:
[2024.06.02-04.17.55:986][  0]LogAudioMixer: Display: 	Sample Rate:						  48000
[2024.06.02-04.17.55:986][  0]LogAudioMixer: Display: 	Callback Buffer Frame Size Requested: 1024
[2024.06.02-04.17.55:986][  0]LogAudioMixer: Display: 	Callback Buffer Frame Size To Use:	  1024
[2024.06.02-04.17.55:986][  0]LogAudioMixer: Display: 	Number of buffers to queue:			  2
[2024.06.02-04.17.55:986][  0]LogAudioMixer: Display: 	Max Channels (voices):				  32
[2024.06.02-04.17.55:986][  0]LogAudioMixer: Display: 	Number of Async Source Workers:		  0
[2024.06.02-04.17.55:986][  0]LogAudio: Display: AudioDevice MaxSources: 32
[2024.06.02-04.17.55:986][  0]LogAudio: Display: Audio Spatialization Plugin: None (built-in).
[2024.06.02-04.17.55:986][  0]LogAudio: Display: Audio Reverb Plugin: None (built-in).
[2024.06.02-04.17.55:986][  0]LogAudio: Display: Audio Occlusion Plugin: None (built-in).
[2024.06.02-04.17.55:986][  0]LogAudioMixer: Display: Initializing audio mixer.
[2024.06.02-04.17.56:011][  0]LogAudioMixer: Display: 0: FrontLeft
[2024.06.02-04.17.56:011][  0]LogAudioMixer: Display: 1: FrontRight
[2024.06.02-04.17.56:742][  0]LogAudioMixer: Display: Using Audio Device Speakers (Realtek High Definition Audio)
[2024.06.02-04.17.56:747][  0]LogAudioMixer: Display: Initializing Sound Submixes...
[2024.06.02-04.17.56:751][  0]LogAudioMixer: Display: Creating Master Submix 'MasterSubmixDefault'
[2024.06.02-04.17.56:751][  0]LogAudioMixer: Display: Creating Master Submix 'MasterReverbSubmixDefault'
[2024.06.02-04.17.56:753][  0]LogAudioMixer: Display: Creating Master Submix 'MasterEQSubmixDefault'
[2024.06.02-04.17.56:753][  0]LogAudioMixer: FMixerPlatformXAudio2::StartAudioStream() called
[2024.06.02-04.17.56:753][  0]LogAudioMixer: Display: Output buffers initialized: Frames=1024, Channels=2, Samples=2048
[2024.06.02-04.17.56:755][  0]LogAudioMixer: Display: Starting AudioMixerPlatformInterface::RunInternal()
[2024.06.02-04.17.56:755][  0]LogAudioMixer: Display: FMixerPlatformXAudio2::SubmitBuffer() called for the first time
[2024.06.02-04.17.56:755][  0]LogInit: FAudioDevice initialized.
[2024.06.02-04.17.56:755][  0]LogAudio: Display: Audio Device (ID: 1) registered with world 'Untitled'.
[2024.06.02-04.17.56:756][  0]LogNetVersion: Set ProjectVersion to 1.0.0.0. Version Checksum will be recalculated on next use.
[2024.06.02-04.17.57:832][  0]LogDerivedDataCache: Saved boot cache 1.08s 94MB C:/Users/admin/AppData/Local/UnrealEngine/4.27/DerivedDataCache/Boot.ddc.
[2024.06.02-04.17.57:833][  0]LogInit: Texture streaming: Enabled
[2024.06.02-04.17.57:860][  0]LogAnalytics: Display: [UEEditor.Rocket.Release] APIServer = https://datarouter.ol.epicgames.com/. AppVersion = 4.27.2-18319896+++UE4+Release-4.27
[2024.06.02-04.17.57:866][  0]LogEngineSessionManager: EngineSessionManager initialized
[2024.06.02-04.17.57:866][  0]LogEditorSessionSummary: Verbose: Initializing EditorSessionSummaryWriter for editor session tracking
[2024.06.02-04.17.57:871][  0]LogEditorSessionSummary: EditorSessionSummaryWriter initialized
[2024.06.02-04.17.57:910][  0]LogInit: Transaction tracking system initialized
[2024.06.02-04.17.57:944][  0]BlueprintLog: New page: Editor Load
[2024.06.02-04.17.58:043][  0]LocalizationService: Localization service is disabled
[2024.06.02-04.17.58:081][  0]TimingProfiler: Initialize
[2024.06.02-04.17.58:081][  0]TimingProfiler: OnSessionChanged
[2024.06.02-04.17.58:081][  0]LoadingProfiler: Initialize
[2024.06.02-04.17.58:082][  0]LoadingProfiler: OnSessionChanged
[2024.06.02-04.17.58:082][  0]NetworkingProfiler: Initialize
[2024.06.02-04.17.58:082][  0]NetworkingProfiler: OnSessionChanged
[2024.06.02-04.17.58:082][  0]MemoryProfiler: Initialize
[2024.06.02-04.17.58:082][  0]MemoryProfiler: OnSessionChanged
[2024.06.02-04.17.58:176][  0]LogVSAccessor: Display: Unable to create Visual Studio setup instance: 80040154
[2024.06.02-04.17.58:177][  0]LogVSAccessor: Display: Unable to create Visual Studio setup instance: 80040154
[2024.06.02-04.17.58:178][  0]LogVSAccessor: Display: Unable to create Visual Studio setup instance: 80040154
[2024.06.02-04.17.58:348][  0]LogCook: Display: CookSettings for Memory: MemoryMaxUsedVirtual 0MiB, MemoryMaxUsedPhysical 16384MiB, MemoryMinFreeVirtual 0MiB, MemoryMinFreePhysical 1024MiB
[2024.06.02-04.17.58:348][  0]LogCook: Display: Mobile HDR setting 1
[2024.06.02-04.17.58:662][  0]LogFileCache: Scanning file cache for directory 'G:/UE/PROJECT/Game-Landscape/game_project/Content/' took 0.01s
[2024.06.02-04.17.59:038][  0]LogInit: Display: Engine is initialized. Leaving FEngineLoop::Init()
[2024.06.02-04.17.59:044][  0]SourceControl: Source control is disabled
[2024.06.02-04.17.59:044][  0]LogUnrealEdMisc: Loading editor; pre map load, took 15.018
[2024.06.02-04.17.59:044][  0]Cmd: MAP LOAD FILE="G:/UE/PROJECT/Game-Landscape/game_project/Content/StarterContent/Maps/Minimal_Default.umap" TEMPLATE=0 SHOWPROGRESS=1 FEATURELEVEL=3
[2024.06.02-04.17.59:047][  0]LightingResults: New page: Lighting Build
[2024.06.02-04.17.59:049][  0]LogWorld: UWorld::CleanupWorld for Untitled, bSessionEnded=true, bCleanupResources=true
[2024.06.02-04.17.59:049][  0]LogSlate: InvalidateAllWidgets triggered.  All widgets were invalidated
[2024.06.02-04.17.59:050][  0]MapCheck: New page: Map Check
[2024.06.02-04.17.59:050][  0]LightingResults: New page: Lighting Build
[2024.06.02-04.17.59:059][  0]LogAudio: Display: Audio Device unregistered from world 'None'.
[2024.06.02-04.17.59:063][  0]LogUObjectHash: Compacting FUObjectHashTables data took   1.49ms
[2024.06.02-04.18.01:485][  0]LogAudio: Display: Audio Device (ID: 1) registered with world 'Minimal_Default'.
[2024.06.02-04.18.01:489][  0]LogAIModule: Creating AISystem for world Minimal_Default
[2024.06.02-04.18.04:015][  0]LogEditorServer: Finished looking for orphan Actors (0.000 secs)
[2024.06.02-04.18.04:046][  0]LogUObjectHash: Compacting FUObjectHashTables data took   1.75ms
[2024.06.02-04.18.04:049][  0]Cmd: MAP CHECKDEP NOCLEARLOG
[2024.06.02-04.18.04:049][  0]MapCheck: Map check complete: 0 Error(s), 0 Warning(s), took 0.153ms to complete.
[2024.06.02-04.18.04:049][  0]LogFileHelpers: Loading map 'Minimal_Default' took 5.005
[2024.06.02-04.18.04:052][  0]LogUnrealEdMisc: Total Editor Startup Time, took 20.026
[2024.06.02-04.18.04:229][  0]LogSlate: Updating window title bar state: overlay mode, drag disabled, window buttons hidden, title bar hidden
[2024.06.02-04.18.04:241][  0]LogSlate: Updating window title bar state: overlay mode, drag disabled, window buttons hidden, title bar hidden
[2024.06.02-04.18.04:253][  0]LogSlate: Updating window title bar state: overlay mode, drag disabled, window buttons hidden, title bar hidden
[2024.06.02-04.18.04:265][  0]LogSlate: Updating window title bar state: overlay mode, drag disabled, window buttons hidden, title bar hidden
[2024.06.02-04.18.04:310][  0]LogNativeClassHierarchy: Verbose: Native class hierarchy populated in 0.0183 seconds. Added 3822 classes and 928 folders.
[2024.06.02-04.18.04:314][  0]LogNativeClassHierarchy: Verbose: Native class hierarchy updated for 'WidgetCarousel' in 0.0004 seconds. Added 0 classes and 0 folders.
[2024.06.02-04.18.04:317][  0]LogPakFile: PakFile PrimaryIndexSize=187
[2024.06.02-04.18.04:317][  0]LogPakFile: PakFile PathHashIndexSize=101
[2024.06.02-04.18.04:317][  0]LogPakFile: PakFile FullDirectoryIndexSize=148
[2024.06.02-04.18.04:317][  0]LogShaderLibrary: Display: ShaderCodeLibraryPakFileMountedCallback: PakFile 'C:/Program Files/Epic Games/UE_4.27/FeaturePacks/FP_FirstPerson.upack' (chunk index -1, root 'root:/') mounted
[2024.06.02-04.18.04:317][  0]LogShaderLibrary: Display: ShaderCodeLibraryPakFileMountedCallback: pending pak file info (ChunkID:-1 Root:root:/ File:C:/Program Files/Epic Games/UE_4.27/FeaturePacks/FP_FirstPerson.upack)
[2024.06.02-04.18.04:317][  0]LogPakFile: OnPakFileMounted2Time == 0.000111
[2024.06.02-04.18.04:318][  0]LogPakFile: PakFile PrimaryIndexSize=189
[2024.06.02-04.18.04:318][  0]LogPakFile: PakFile PathHashIndexSize=101
[2024.06.02-04.18.04:318][  0]LogPakFile: PakFile FullDirectoryIndexSize=152
[2024.06.02-04.18.04:318][  0]LogShaderLibrary: Display: ShaderCodeLibraryPakFileMountedCallback: PakFile 'C:/Program Files/Epic Games/UE_4.27/FeaturePacks/FP_FirstPersonBP.upack' (chunk index -1, root 'root:/') mounted
[2024.06.02-04.18.04:318][  0]LogShaderLibrary: Display: ShaderCodeLibraryPakFileMountedCallback: pending pak file info (ChunkID:-1 Root:root:/ File:C:/Program Files/Epic Games/UE_4.27/FeaturePacks/FP_FirstPersonBP.upack)
[2024.06.02-04.18.04:318][  0]LogPakFile: OnPakFileMounted2Time == 0.000081
[2024.06.02-04.18.04:319][  0]LogPakFile: PakFile PrimaryIndexSize=191
[2024.06.02-04.18.04:319][  0]LogPakFile: PakFile PathHashIndexSize=101
[2024.06.02-04.18.04:319][  0]LogPakFile: PakFile FullDirectoryIndexSize=160
[2024.06.02-04.18.04:319][  0]LogShaderLibrary: Display: ShaderCodeLibraryPakFileMountedCallback: PakFile 'C:/Program Files/Epic Games/UE_4.27/FeaturePacks/MobileStarterContent.upack' (chunk index -1, root 'root:/') mounted
[2024.06.02-04.18.04:319][  0]LogShaderLibrary: Display: ShaderCodeLibraryPakFileMountedCallback: pending pak file info (ChunkID:-1 Root:root:/ File:C:/Program Files/Epic Games/UE_4.27/FeaturePacks/MobileStarterContent.upack)
[2024.06.02-04.18.04:319][  0]LogPakFile: OnPakFileMounted2Time == 0.000092
[2024.06.02-04.18.04:320][  0]LogPakFile: PakFile PrimaryIndexSize=185
[2024.06.02-04.18.04:320][  0]LogPakFile: PakFile PathHashIndexSize=101
[2024.06.02-04.18.04:320][  0]LogPakFile: PakFile FullDirectoryIndexSize=148
[2024.06.02-04.18.04:320][  0]LogShaderLibrary: Display: ShaderCodeLibraryPakFileMountedCallback: PakFile 'C:/Program Files/Epic Games/UE_4.27/FeaturePacks/StarterContent.upack' (chunk index -1, root 'root:/') mounted
[2024.06.02-04.18.04:321][  0]LogShaderLibrary: Display: ShaderCodeLibraryPakFileMountedCallback: pending pak file info (ChunkID:-1 Root:root:/ File:C:/Program Files/Epic Games/UE_4.27/FeaturePacks/StarterContent.upack)
[2024.06.02-04.18.04:321][  0]LogPakFile: OnPakFileMounted2Time == 0.000081
[2024.06.02-04.18.04:321][  0]LogPakFile: PakFile PrimaryIndexSize=190
[2024.06.02-04.18.04:321][  0]LogPakFile: PakFile PathHashIndexSize=101
[2024.06.02-04.18.04:322][  0]LogPakFile: PakFile FullDirectoryIndexSize=154
[2024.06.02-04.18.04:322][  0]LogShaderLibrary: Display: ShaderCodeLibraryPakFileMountedCallback: PakFile 'C:/Program Files/Epic Games/UE_4.27/FeaturePacks/TP_2DSideScroller.upack' (chunk index -1, root 'root:/') mounted
[2024.06.02-04.18.04:322][  0]LogShaderLibrary: Display: ShaderCodeLibraryPakFileMountedCallback: pending pak file info (ChunkID:-1 Root:root:/ File:C:/Program Files/Epic Games/UE_4.27/FeaturePacks/TP_2DSideScroller.upack)
[2024.06.02-04.18.04:322][  0]LogPakFile: OnPakFileMounted2Time == 0.000080
[2024.06.02-04.18.04:323][  0]LogPakFile: PakFile PrimaryIndexSize=192
[2024.06.02-04.18.04:323][  0]LogPakFile: PakFile PathHashIndexSize=101
[2024.06.02-04.18.04:323][  0]LogPakFile: PakFile FullDirectoryIndexSize=158
[2024.06.02-04.18.04:323][  0]LogShaderLibrary: Display: ShaderCodeLibraryPakFileMountedCallback: PakFile 'C:/Program Files/Epic Games/UE_4.27/FeaturePacks/TP_2DSideScrollerBP.upack' (chunk index -1, root 'root:/') mounted
[2024.06.02-04.18.04:323][  0]LogShaderLibrary: Display: ShaderCodeLibraryPakFileMountedCallback: pending pak file info (ChunkID:-1 Root:root:/ File:C:/Program Files/Epic Games/UE_4.27/FeaturePacks/TP_2DSideScrollerBP.upack)
[2024.06.02-04.18.04:323][  0]LogPakFile: OnPakFileMounted2Time == 0.000073
[2024.06.02-04.18.04:324][  0]LogPakFile: PakFile PrimaryIndexSize=182
[2024.06.02-04.18.04:324][  0]LogPakFile: PakFile PathHashIndexSize=101
[2024.06.02-04.18.04:324][  0]LogPakFile: PakFile FullDirectoryIndexSize=138
[2024.06.02-04.18.04:324][  0]LogShaderLibrary: Display: ShaderCodeLibraryPakFileMountedCallback: PakFile 'C:/Program Files/Epic Games/UE_4.27/FeaturePacks/TP_Flying.upack' (chunk index -1, root 'root:/') mounted
[2024.06.02-04.18.04:324][  0]LogShaderLibrary: Display: ShaderCodeLibraryPakFileMountedCallback: pending pak file info (ChunkID:-1 Root:root:/ File:C:/Program Files/Epic Games/UE_4.27/FeaturePacks/TP_Flying.upack)
[2024.06.02-04.18.04:324][  0]LogPakFile: OnPakFileMounted2Time == 0.000072
[2024.06.02-04.18.04:325][  0]LogPakFile: PakFile PrimaryIndexSize=184
[2024.06.02-04.18.04:325][  0]LogPakFile: PakFile PathHashIndexSize=101
[2024.06.02-04.18.04:325][  0]LogPakFile: PakFile FullDirectoryIndexSize=142
[2024.06.02-04.18.04:325][  0]LogShaderLibrary: Display: ShaderCodeLibraryPakFileMountedCallback: PakFile 'C:/Program Files/Epic Games/UE_4.27/FeaturePacks/TP_FlyingBP.upack' (chunk index -1, root 'root:/') mounted
[2024.06.02-04.18.04:325][  0]LogShaderLibrary: Display: ShaderCodeLibraryPakFileMountedCallback: pending pak file info (ChunkID:-1 Root:root:/ File:C:/Program Files/Epic Games/UE_4.27/FeaturePacks/TP_FlyingBP.upack)
[2024.06.02-04.18.04:325][  0]LogPakFile: OnPakFileMounted2Time == 0.000081
[2024.06.02-04.18.04:326][  0]LogPakFile: PakFile PrimaryIndexSize=188
[2024.06.02-04.18.04:326][  0]LogPakFile: PakFile PathHashIndexSize=101
[2024.06.02-04.18.04:326][  0]LogPakFile: PakFile FullDirectoryIndexSize=150
[2024.06.02-04.18.04:326][  0]LogShaderLibrary: Display: ShaderCodeLibraryPakFileMountedCallback: PakFile 'C:/Program Files/Epic Games/UE_4.27/FeaturePacks/TP_HandheldARBP.upack' (chunk index -1, root 'root:/') mounted
[2024.06.02-04.18.04:326][  0]LogShaderLibrary: Display: ShaderCodeLibraryPakFileMountedCallback: pending pak file info (ChunkID:-1 Root:root:/ File:C:/Program Files/Epic Games/UE_4.27/FeaturePacks/TP_HandheldARBP.upack)
[2024.06.02-04.18.04:326][  0]LogPakFile: OnPakFileMounted2Time == 0.000074
[2024.06.02-04.18.04:327][  0]LogPakFile: PakFile PrimaryIndexSize=182
[2024.06.02-04.18.04:327][  0]LogPakFile: PakFile PathHashIndexSize=101
[2024.06.02-04.18.04:328][  0]LogPakFile: PakFile FullDirectoryIndexSize=138
[2024.06.02-04.18.04:328][  0]LogShaderLibrary: Display: ShaderCodeLibraryPakFileMountedCallback: PakFile 'C:/Program Files/Epic Games/UE_4.27/FeaturePacks/TP_Puzzle.upack' (chunk index -1, root 'root:/') mounted
[2024.06.02-04.18.04:328][  0]LogShaderLibrary: Display: ShaderCodeLibraryPakFileMountedCallback: pending pak file info (ChunkID:-1 Root:root:/ File:C:/Program Files/Epic Games/UE_4.27/FeaturePacks/TP_Puzzle.upack)
[2024.06.02-04.18.04:328][  0]LogPakFile: OnPakFileMounted2Time == 0.000074
[2024.06.02-04.18.04:329][  0]LogPakFile: PakFile PrimaryIndexSize=184
[2024.06.02-04.18.04:329][  0]LogPakFile: PakFile PathHashIndexSize=101
[2024.06.02-04.18.04:329][  0]LogPakFile: PakFile FullDirectoryIndexSize=142
[2024.06.02-04.18.04:329][  0]LogShaderLibrary: Display: ShaderCodeLibraryPakFileMountedCallback: PakFile 'C:/Program Files/Epic Games/UE_4.27/FeaturePacks/TP_PuzzleBP.upack' (chunk index -1, root 'root:/') mounted
[2024.06.02-04.18.04:329][  0]LogShaderLibrary: Display: ShaderCodeLibraryPakFileMountedCallback: pending pak file info (ChunkID:-1 Root:root:/ File:C:/Program Files/Epic Games/UE_4.27/FeaturePacks/TP_PuzzleBP.upack)
[2024.06.02-04.18.04:329][  0]LogPakFile: OnPakFileMounted2Time == 0.000073
[2024.06.02-04.18.04:330][  0]LogPakFile: PakFile PrimaryIndexSize=183
[2024.06.02-04.18.04:330][  0]LogPakFile: PakFile PathHashIndexSize=101
[2024.06.02-04.18.04:330][  0]LogPakFile: PakFile FullDirectoryIndexSize=140
[2024.06.02-04.18.04:330][  0]LogShaderLibrary: Display: ShaderCodeLibraryPakFileMountedCallback: PakFile 'C:/Program Files/Epic Games/UE_4.27/FeaturePacks/TP_Rolling.upack' (chunk index -1, root 'root:/') mounted
[2024.06.02-04.18.04:330][  0]LogShaderLibrary: Display: ShaderCodeLibraryPakFileMountedCallback: pending pak file info (ChunkID:-1 Root:root:/ File:C:/Program Files/Epic Games/UE_4.27/FeaturePacks/TP_Rolling.upack)
[2024.06.02-04.18.04:330][  0]LogPakFile: OnPakFileMounted2Time == 0.000074
[2024.06.02-04.18.04:331][  0]LogPakFile: PakFile PrimaryIndexSize=185
[2024.06.02-04.18.04:331][  0]LogPakFile: PakFile PathHashIndexSize=101
[2024.06.02-04.18.04:331][  0]LogPakFile: PakFile FullDirectoryIndexSize=144
[2024.06.02-04.18.04:331][  0]LogShaderLibrary: Display: ShaderCodeLibraryPakFileMountedCallback: PakFile 'C:/Program Files/Epic Games/UE_4.27/FeaturePacks/TP_RollingBP.upack' (chunk index -1, root 'root:/') mounted
[2024.06.02-04.18.04:331][  0]LogShaderLibrary: Display: ShaderCodeLibraryPakFileMountedCallback: pending pak file info (ChunkID:-1 Root:root:/ File:C:/Program Files/Epic Games/UE_4.27/FeaturePacks/TP_RollingBP.upack)
[2024.06.02-04.18.04:331][  0]LogPakFile: OnPakFileMounted2Time == 0.000083
[2024.06.02-04.18.04:332][  0]LogPakFile: PakFile PrimaryIndexSize=188
[2024.06.02-04.18.04:332][  0]LogPakFile: PakFile PathHashIndexSize=101
[2024.06.02-04.18.04:332][  0]LogPakFile: PakFile FullDirectoryIndexSize=150
[2024.06.02-04.18.04:332][  0]LogShaderLibrary: Display: ShaderCodeLibraryPakFileMountedCallback: PakFile 'C:/Program Files/Epic Games/UE_4.27/FeaturePacks/TP_SideScroller.upack' (chunk index -1, root 'root:/') mounted
[2024.06.02-04.18.04:332][  0]LogShaderLibrary: Display: ShaderCodeLibraryPakFileMountedCallback: pending pak file info (ChunkID:-1 Root:root:/ File:C:/Program Files/Epic Games/UE_4.27/FeaturePacks/TP_SideScroller.upack)
[2024.06.02-04.18.04:332][  0]LogPakFile: OnPakFileMounted2Time == 0.000082
[2024.06.02-04.18.04:333][  0]LogPakFile: PakFile PrimaryIndexSize=190
[2024.06.02-04.18.04:333][  0]LogPakFile: PakFile PathHashIndexSize=101
[2024.06.02-04.18.04:333][  0]LogPakFile: PakFile FullDirectoryIndexSize=154
[2024.06.02-04.18.04:333][  0]LogShaderLibrary: Display: ShaderCodeLibraryPakFileMountedCallback: PakFile 'C:/Program Files/Epic Games/UE_4.27/FeaturePacks/TP_SideScrollerBP.upack' (chunk index -1, root 'root:/') mounted
[2024.06.02-04.18.04:333][  0]LogShaderLibrary: Display: ShaderCodeLibraryPakFileMountedCallback: pending pak file info (ChunkID:-1 Root:root:/ File:C:/Program Files/Epic Games/UE_4.27/FeaturePacks/TP_SideScrollerBP.upack)
[2024.06.02-04.18.04:333][  0]LogPakFile: OnPakFileMounted2Time == 0.000074
[2024.06.02-04.18.04:334][  0]LogPakFile: PakFile PrimaryIndexSize=187
[2024.06.02-04.18.04:334][  0]LogPakFile: PakFile PathHashIndexSize=101
[2024.06.02-04.18.04:334][  0]LogPakFile: PakFile FullDirectoryIndexSize=148
[2024.06.02-04.18.04:334][  0]LogShaderLibrary: Display: ShaderCodeLibraryPakFileMountedCallback: PakFile 'C:/Program Files/Epic Games/UE_4.27/FeaturePacks/TP_ThirdPerson.upack' (chunk index -1, root 'root:/') mounted
[2024.06.02-04.18.04:334][  0]LogShaderLibrary: Display: ShaderCodeLibraryPakFileMountedCallback: pending pak file info (ChunkID:-1 Root:root:/ File:C:/Program Files/Epic Games/UE_4.27/FeaturePacks/TP_ThirdPerson.upack)
[2024.06.02-04.18.04:334][  0]LogPakFile: OnPakFileMounted2Time == 0.000086
[2024.06.02-04.18.04:335][  0]LogPakFile: PakFile PrimaryIndexSize=189
[2024.06.02-04.18.04:335][  0]LogPakFile: PakFile PathHashIndexSize=101
[2024.06.02-04.18.04:335][  0]LogPakFile: PakFile FullDirectoryIndexSize=152
[2024.06.02-04.18.04:335][  0]LogShaderLibrary: Display: ShaderCodeLibraryPakFileMountedCallback: PakFile 'C:/Program Files/Epic Games/UE_4.27/FeaturePacks/TP_ThirdPersonBP.upack' (chunk index -1, root 'root:/') mounted
[2024.06.02-04.18.04:335][  0]LogShaderLibrary: Display: ShaderCodeLibraryPakFileMountedCallback: pending pak file info (ChunkID:-1 Root:root:/ File:C:/Program Files/Epic Games/UE_4.27/FeaturePacks/TP_ThirdPersonBP.upack)
[2024.06.02-04.18.04:335][  0]LogPakFile: OnPakFileMounted2Time == 0.000073
[2024.06.02-04.18.04:336][  0]LogPakFile: PakFile PrimaryIndexSize=183
[2024.06.02-04.18.04:336][  0]LogPakFile: PakFile PathHashIndexSize=101
[2024.06.02-04.18.04:336][  0]LogPakFile: PakFile FullDirectoryIndexSize=140
[2024.06.02-04.18.04:336][  0]LogShaderLibrary: Display: ShaderCodeLibraryPakFileMountedCallback: PakFile 'C:/Program Files/Epic Games/UE_4.27/FeaturePacks/TP_TopDown.upack' (chunk index -1, root 'root:/') mounted
[2024.06.02-04.18.04:336][  0]LogShaderLibrary: Display: ShaderCodeLibraryPakFileMountedCallback: pending pak file info (ChunkID:-1 Root:root:/ File:C:/Program Files/Epic Games/UE_4.27/FeaturePacks/TP_TopDown.upack)
[2024.06.02-04.18.04:336][  0]LogPakFile: OnPakFileMounted2Time == 0.000087
[2024.06.02-04.18.04:337][  0]LogPakFile: PakFile PrimaryIndexSize=185
[2024.06.02-04.18.04:337][  0]LogPakFile: PakFile PathHashIndexSize=101
[2024.06.02-04.18.04:337][  0]LogPakFile: PakFile FullDirectoryIndexSize=144
[2024.06.02-04.18.04:337][  0]LogShaderLibrary: Display: ShaderCodeLibraryPakFileMountedCallback: PakFile 'C:/Program Files/Epic Games/UE_4.27/FeaturePacks/TP_TopDownBP.upack' (chunk index -1, root 'root:/') mounted
[2024.06.02-04.18.04:338][  0]LogShaderLibrary: Display: ShaderCodeLibraryPakFileMountedCallback: pending pak file info (ChunkID:-1 Root:root:/ File:C:/Program Files/Epic Games/UE_4.27/FeaturePacks/TP_TopDownBP.upack)
[2024.06.02-04.18.04:338][  0]LogPakFile: OnPakFileMounted2Time == 0.000076
[2024.06.02-04.18.04:338][  0]LogPakFile: PakFile PrimaryIndexSize=185
[2024.06.02-04.18.04:338][  0]LogPakFile: PakFile PathHashIndexSize=101
[2024.06.02-04.18.04:339][  0]LogPakFile: PakFile FullDirectoryIndexSize=144
[2024.06.02-04.18.04:339][  0]LogShaderLibrary: Display: ShaderCodeLibraryPakFileMountedCallback: PakFile 'C:/Program Files/Epic Games/UE_4.27/FeaturePacks/TP_TwinStick.upack' (chunk index -1, root 'root:/') mounted
[2024.06.02-04.18.04:339][  0]LogShaderLibrary: Display: ShaderCodeLibraryPakFileMountedCallback: pending pak file info (ChunkID:-1 Root:root:/ File:C:/Program Files/Epic Games/UE_4.27/FeaturePacks/TP_TwinStick.upack)
[2024.06.02-04.18.04:339][  0]LogPakFile: OnPakFileMounted2Time == 0.000073
[2024.06.02-04.18.04:340][  0]LogPakFile: PakFile PrimaryIndexSize=187
[2024.06.02-04.18.04:340][  0]LogPakFile: PakFile PathHashIndexSize=101
[2024.06.02-04.18.04:340][  0]LogPakFile: PakFile FullDirectoryIndexSize=148
[2024.06.02-04.18.04:340][  0]LogShaderLibrary: Display: ShaderCodeLibraryPakFileMountedCallback: PakFile 'C:/Program Files/Epic Games/UE_4.27/FeaturePacks/TP_TwinStickBP.upack' (chunk index -1, root 'root:/') mounted
[2024.06.02-04.18.04:340][  0]LogShaderLibrary: Display: ShaderCodeLibraryPakFileMountedCallback: pending pak file info (ChunkID:-1 Root:root:/ File:C:/Program Files/Epic Games/UE_4.27/FeaturePacks/TP_TwinStickBP.upack)
[2024.06.02-04.18.04:340][  0]LogPakFile: OnPakFileMounted2Time == 0.000086
[2024.06.02-04.18.04:341][  0]LogPakFile: PakFile PrimaryIndexSize=183
[2024.06.02-04.18.04:341][  0]LogPakFile: PakFile PathHashIndexSize=101
[2024.06.02-04.18.04:341][  0]LogPakFile: PakFile FullDirectoryIndexSize=140
[2024.06.02-04.18.04:341][  0]LogShaderLibrary: Display: ShaderCodeLibraryPakFileMountedCallback: PakFile 'C:/Program Files/Epic Games/UE_4.27/FeaturePacks/TP_Vehicle.upack' (chunk index -1, root 'root:/') mounted
[2024.06.02-04.18.04:341][  0]LogShaderLibrary: Display: ShaderCodeLibraryPakFileMountedCallback: pending pak file info (ChunkID:-1 Root:root:/ File:C:/Program Files/Epic Games/UE_4.27/FeaturePacks/TP_Vehicle.upack)
[2024.06.02-04.18.04:341][  0]LogPakFile: OnPakFileMounted2Time == 0.000073
[2024.06.02-04.18.04:342][  0]LogPakFile: PakFile PrimaryIndexSize=186
[2024.06.02-04.18.04:342][  0]LogPakFile: PakFile PathHashIndexSize=101
[2024.06.02-04.18.04:342][  0]LogPakFile: PakFile FullDirectoryIndexSize=146
[2024.06.02-04.18.04:342][  0]LogShaderLibrary: Display: ShaderCodeLibraryPakFileMountedCallback: PakFile 'C:/Program Files/Epic Games/UE_4.27/FeaturePacks/TP_VehicleAdv.upack' (chunk index -1, root 'root:/') mounted
[2024.06.02-04.18.04:342][  0]LogShaderLibrary: Display: ShaderCodeLibraryPakFileMountedCallback: pending pak file info (ChunkID:-1 Root:root:/ File:C:/Program Files/Epic Games/UE_4.27/FeaturePacks/TP_VehicleAdv.upack)
[2024.06.02-04.18.04:342][  0]LogPakFile: OnPakFileMounted2Time == 0.000074
[2024.06.02-04.18.04:343][  0]LogPakFile: PakFile PrimaryIndexSize=188
[2024.06.02-04.18.04:343][  0]LogPakFile: PakFile PathHashIndexSize=101
[2024.06.02-04.18.04:343][  0]LogPakFile: PakFile FullDirectoryIndexSize=150
[2024.06.02-04.18.04:343][  0]LogShaderLibrary: Display: ShaderCodeLibraryPakFileMountedCallback: PakFile 'C:/Program Files/Epic Games/UE_4.27/FeaturePacks/TP_VehicleAdvBP.upack' (chunk index -1, root 'root:/') mounted
[2024.06.02-04.18.04:343][  0]LogShaderLibrary: Display: ShaderCodeLibraryPakFileMountedCallback: pending pak file info (ChunkID:-1 Root:root:/ File:C:/Program Files/Epic Games/UE_4.27/FeaturePacks/TP_VehicleAdvBP.upack)
[2024.06.02-04.18.04:343][  0]LogPakFile: OnPakFileMounted2Time == 0.000073
[2024.06.02-04.18.04:344][  0]LogPakFile: PakFile PrimaryIndexSize=185
[2024.06.02-04.18.04:344][  0]LogPakFile: PakFile PathHashIndexSize=101
[2024.06.02-04.18.04:344][  0]LogPakFile: PakFile FullDirectoryIndexSize=144
[2024.06.02-04.18.04:344][  0]LogShaderLibrary: Display: ShaderCodeLibraryPakFileMountedCallback: PakFile 'C:/Program Files/Epic Games/UE_4.27/FeaturePacks/TP_VehicleBP.upack' (chunk index -1, root 'root:/') mounted
[2024.06.02-04.18.04:344][  0]LogShaderLibrary: Display: ShaderCodeLibraryPakFileMountedCallback: pending pak file info (ChunkID:-1 Root:root:/ File:C:/Program Files/Epic Games/UE_4.27/FeaturePacks/TP_VehicleBP.upack)
[2024.06.02-04.18.04:344][  0]LogPakFile: OnPakFileMounted2Time == 0.000087
[2024.06.02-04.18.04:345][  0]LogPakFile: PakFile PrimaryIndexSize=192
[2024.06.02-04.18.04:345][  0]LogPakFile: PakFile PathHashIndexSize=101
[2024.06.02-04.18.04:345][  0]LogPakFile: PakFile FullDirectoryIndexSize=158
[2024.06.02-04.18.04:345][  0]LogShaderLibrary: Display: ShaderCodeLibraryPakFileMountedCallback: PakFile 'C:/Program Files/Epic Games/UE_4.27/FeaturePacks/TP_VirtualRealityBP.upack' (chunk index -1, root 'root:/') mounted
[2024.06.02-04.18.04:345][  0]LogShaderLibrary: Display: ShaderCodeLibraryPakFileMountedCallback: pending pak file info (ChunkID:-1 Root:root:/ File:C:/Program Files/Epic Games/UE_4.27/FeaturePacks/TP_VirtualRealityBP.upack)
[2024.06.02-04.18.04:345][  0]LogPakFile: OnPakFileMounted2Time == 0.000073
[2024.06.02-04.18.04:433][  0]LogNativeClassHierarchy: Verbose: Native class hierarchy updated for 'AddContentDialog' in 0.0005 seconds. Added 0 classes and 0 folders.
[2024.06.02-04.18.04:514][  0]LogSlate: Took 0.000414 seconds to synchronously load lazily loaded font '../../../Engine/Content/Slate/Fonts/Roboto-Regular.ttf' (155K)
[2024.06.02-04.18.04:516][  0]LogSlate: Took 0.000238 seconds to synchronously load lazily loaded font '../../../Engine/Content/Editor/Slate/Fonts/FontAwesome.ttf' (139K)
[2024.06.02-04.18.04:518][  0]LogSlate: Took 0.000188 seconds to synchronously load lazily loaded font '../../../Engine/Content/Slate/Fonts/Roboto-Bold.ttf' (160K)
[2024.06.02-04.18.04:688][  0]LogRenderer: Reallocating scene render targets to support 1068x564 Format 10 NumSamples 1 (Frame:1).
[2024.06.02-04.18.05:016][  0]LogNativeClassHierarchy: Verbose: Native class hierarchy updated for 'HierarchicalLODOutliner' in 0.0004 seconds. Added 0 classes and 0 folders.
[2024.06.02-04.18.05:016][  0]LogLoad: (Engine Initialization) Total time: 20.99 seconds
[2024.06.02-04.18.05:016][  0]LogLoad: (Engine Initialization) Total Blueprint compile time: 0.00 seconds
[2024.06.02-04.18.05:097][  0]LogNavigationDirtyArea: Warning: Skipping dirty area creation because of empty bounds (object: FoliageInstancedStaticMeshComponent /Game/StarterContent/Maps/Minimal_Default.Minimal_Default:PersistentLevel.InstancedFoliageActor_0.FoliageInstancedStaticMeshComponent_1)
[2024.06.02-04.18.05:098][  0]LogNavigationDirtyArea: Warning: Skipping dirty area creation because of empty bounds (object: FoliageInstancedStaticMeshComponent /Game/StarterContent/Maps/Minimal_Default.Minimal_Default:PersistentLevel.InstancedFoliageActor_0.FoliageInstancedStaticMeshComponent_6)
[2024.06.02-04.18.05:116][  0]LogContentStreaming: Texture pool size now 1000 MB
[2024.06.02-04.18.05:151][  1]LogAssetRegistry: Asset discovery search completed in 14.5012 seconds
[2024.06.02-04.18.05:161][  1]LogCollectionManager: Fixed up redirectors for 0 collections in 0.000006 seconds (updated 0 objects)
[2024.06.02-04.18.05:221][  2]LogSlate: Took 0.000300 seconds to synchronously load lazily loaded font '../../../Engine/Content/Slate/Fonts/Roboto-Light.ttf' (167K)
[2024.06.02-04.18.10:911][ 65]LogSlate: Took 0.000783 seconds to synchronously load lazily loaded font '../../../Engine/Content/Slate/Fonts/Roboto-Light.ttf' (167K)
[2024.06.02-04.18.14:676][282]LogAssetEditorSubsystem: Opening Asset editor for LevelScriptBlueprint /Game/StarterContent/Maps/Minimal_Default.Minimal_Default:PersistentLevel.Minimal_Default
[2024.06.02-04.18.16:090][282]LogNativeClassHierarchy: Verbose: Native class hierarchy updated for 'BlueprintGraph' in 0.0009 seconds. Added 126 classes and 0 folders.
[2024.06.02-04.18.17:680][282]LogSlate: Took 0.000291 seconds to synchronously load lazily loaded font '../../../Engine/Content/Slate/Fonts/Roboto-BoldCondensed.ttf' (158K)
[2024.06.02-04.18.59:610][651]BlueprintLog: New page: Compile Minimal_Default
[2024.06.02-04.19.00:429][651]LogUObjectHash: Compacting FUObjectHashTables data took   4.04ms
[2024.06.02-04.19.01:004][651]LogSlate: Took 0.002909 seconds to synchronously load lazily loaded font '../../../Engine/Content/Slate/Fonts/DroidSansMono.ttf' (77K)
[2024.06.02-04.19.28:644][965]LogSlate: Took 0.004237 seconds to synchronously load lazily loaded font '../../../Engine/Content/Slate/Fonts/Roboto-BoldCondensedItalic.ttf' (160K)
[2024.06.02-04.19.54:123][255]BlueprintLog: New page: Compile Minimal_Default
[2024.06.02-04.19.54:365][255]LogUObjectHash: Compacting FUObjectHashTables data took   3.43ms
[2024.06.02-04.22.03:935][994]BlueprintLog: New page: Compile Minimal_Default
[2024.06.02-04.22.04:338][994]LogUObjectHash: Compacting FUObjectHashTables data took   3.80ms
